<?xml version="1.0" encoding="UTF-8"?>
<coverage generated="1778777717675" clover="3.2.0">
  <project timestamp="1778777717675" name="All files">
    <metrics statements="612" coveredstatements="608" conditionals="654" coveredconditionals="533" methods="119" coveredmethods="116" elements="1385" coveredelements="1257" complexity="0" loc="612" ncloc="612" packages="13" files="35" classes="35"/>
    <package name="api">
      <metrics statements="28" coveredstatements="28" conditionals="14" coveredconditionals="14" methods="6" coveredmethods="6"/>
      <file name="axiosDefaults.js" path="/app/frontend/src/api/axiosDefaults.js">
        <metrics statements="15" coveredstatements="15" conditionals="6" coveredconditionals="6" methods="2" coveredmethods="2"/>
        <line num="3" count="2" type="stmt"/>
        <line num="4" count="2" type="stmt"/>
        <line num="5" count="2" type="stmt"/>
        <line num="7" count="2" type="stmt"/>
        <line num="12" count="2" type="stmt"/>
        <line num="17" count="2" type="stmt"/>
        <line num="18" count="2" type="stmt"/>
        <line num="20" count="5" type="stmt"/>
        <line num="22" count="5" type="cond" truecount="2" falsecount="0"/>
        <line num="28" count="2" type="stmt"/>
        <line num="30" count="2" type="stmt"/>
        <line num="31" count="2" type="stmt"/>
        <line num="32" count="1" type="stmt"/>
        <line num="34" count="1" type="stmt"/>
        <line num="38" count="3" type="stmt"/>
      </file>
      <file name="coreApi.js" path="/app/frontend/src/api/coreApi.js">
        <metrics statements="13" coveredstatements="13" conditionals="8" coveredconditionals="8" methods="4" coveredmethods="4"/>
        <line num="3" count="1" type="stmt"/>
        <line num="10" count="5" type="stmt"/>
        <line num="17" count="5" type="stmt"/>
        <line num="18" count="6" type="cond" truecount="2" falsecount="0"/>
        <line num="19" count="4" type="stmt"/>
        <line num="23" count="5" type="stmt"/>
        <line num="27" count="5" type="stmt"/>
        <line num="31" count="1" type="stmt"/>
        <line num="32" count="1" type="stmt"/>
        <line num="33" count="1" type="stmt"/>
        <line num="36" count="1" type="stmt"/>
        <line num="40" count="1" type="stmt"/>
        <line num="41" count="1" type="stmt"/>
      </file>
    </package>
    <package name="components.filters">
      <metrics statements="26" coveredstatements="26" conditionals="41" coveredconditionals="28" methods="8" coveredmethods="8"/>
      <file name="FilterOptions.jsx" path="/app/frontend/src/components/filters/FilterOptions.jsx">
        <metrics statements="8" coveredstatements="8" conditionals="21" coveredconditionals="13" methods="3" coveredmethods="3"/>
        <line num="5" count="4" type="stmt"/>
        <line num="11" count="4" type="cond" truecount="6" falsecount="7"/>
        <line num="14" count="4" type="stmt"/>
        <line num="20" count="4" type="stmt"/>
        <line num="21" count="12" type="stmt"/>
        <line num="31" count="1" type="stmt"/>
        <line num="59" count="4" type="cond" truecount="1" falsecount="1"/>
        <line num="60" count="4" type="stmt"/>
      </file>
      <file name="TextSearchFilter.jsx" path="/app/frontend/src/components/filters/TextSearchFilter.jsx">
        <metrics statements="18" coveredstatements="18" conditionals="20" coveredconditionals="15" methods="5" coveredmethods="5"/>
        <line num="4" count="6" type="stmt"/>
        <line num="8" count="6" type="cond" truecount="2" falsecount="0"/>
        <line num="9" count="6" type="cond" truecount="5" falsecount="2"/>
        <line num="11" count="6" type="stmt"/>
        <line num="12" count="6" type="stmt"/>
        <line num="13" count="1" type="stmt"/>
        <line num="14" count="6" type="stmt"/>
        <line num="16" count="5" type="stmt"/>
        <line num="17" count="6" type="cond" truecount="2" falsecount="0"/>
        <line num="20" count="6" type="stmt"/>
        <line num="28" count="5" type="stmt"/>
        <line num="32" count="6" type="cond" truecount="1" falsecount="1"/>
        <line num="36" count="6" type="stmt"/>
        <line num="37" count="6" type="cond" truecount="2" falsecount="0"/>
        <line num="43" count="5" type="stmt"/>
        <line num="46" count="5" type="stmt"/>
        <line num="49" count="6" type="cond" truecount="3" falsecount="2"/>
        <line num="51" count="6" type="stmt"/>
      </file>
    </package>
    <package name="components.forms.auth">
      <metrics statements="215" coveredstatements="215" conditionals="237" coveredconditionals="225" methods="34" coveredmethods="34"/>
      <file name="ChangePasswordForm.jsx" path="/app/frontend/src/components/forms/auth/ChangePasswordForm.jsx">
        <metrics statements="46" coveredstatements="46" conditionals="47" coveredconditionals="47" methods="6" coveredmethods="6"/>
        <line num="10" count="27" type="stmt"/>
        <line num="11" count="27" type="stmt"/>
        <line num="13" count="27" type="stmt"/>
        <line num="14" count="27" type="stmt"/>
        <line num="15" count="27" type="cond" truecount="2" falsecount="0"/>
        <line num="17" count="27" type="stmt"/>
        <line num="18" count="27" type="cond" truecount="6" falsecount="0"/>
        <line num="20" count="27" type="stmt"/>
        <line num="21" count="6" type="stmt"/>
        <line num="22" count="6" type="stmt"/>
        <line num="24" count="6" type="stmt"/>
        <line num="30" count="6" type="cond" truecount="2" falsecount="0"/>
        <line num="31" count="2" type="stmt"/>
        <line num="32" count="2" type="stmt"/>
        <line num="33" count="2" type="stmt"/>
        <line num="34" count="2" type="stmt"/>
        <line num="36" count="4" type="stmt"/>
        <line num="38" count="27" type="cond" truecount="2" falsecount="0"/>
        <line num="41" count="21" type="stmt"/>
        <line num="42" count="11" type="stmt"/>
        <line num="46" count="6" type="stmt"/>
        <line num="47" count="3" type="stmt"/>
        <line num="48" count="3" type="stmt"/>
        <line num="49" count="27" type="cond" truecount="2" falsecount="0"/>
        <line num="50" count="16" type="stmt"/>
        <line num="51" count="27" type="cond" truecount="4" falsecount="0"/>
        <line num="53" count="11" type="stmt"/>
        <line num="57" count="6" type="stmt"/>
        <line num="58" count="3" type="stmt"/>
        <line num="59" count="3" type="stmt"/>
        <line num="60" count="27" type="cond" truecount="2" falsecount="0"/>
        <line num="61" count="16" type="stmt"/>
        <line num="62" count="27" type="cond" truecount="4" falsecount="0"/>
        <line num="64" count="11" type="stmt"/>
        <line num="68" count="6" type="stmt"/>
        <line num="69" count="3" type="stmt"/>
        <line num="70" count="3" type="stmt"/>
        <line num="71" count="27" type="cond" truecount="2" falsecount="0"/>
        <line num="72" count="16" type="stmt"/>
        <line num="73" count="27" type="cond" truecount="2" falsecount="0"/>
        <line num="75" count="27" type="cond" truecount="4" falsecount="0"/>
        <line num="77" count="8" type="cond" truecount="2" falsecount="0"/>
        <line num="79" count="27" type="cond" truecount="2" falsecount="0"/>
        <line num="81" count="17" type="stmt"/>
        <line num="83" count="27" type="cond" truecount="11" falsecount="0"/>
        <line num="84" count="27" type="stmt"/>
      </file>
      <file name="DeactivateAccountForm.jsx" path="/app/frontend/src/components/forms/auth/DeactivateAccountForm.jsx">
        <metrics statements="23" coveredstatements="23" conditionals="22" coveredconditionals="22" methods="4" coveredmethods="4"/>
        <line num="14" count="17" type="stmt"/>
        <line num="15" count="17" type="stmt"/>
        <line num="16" count="17" type="cond" truecount="2" falsecount="0"/>
        <line num="18" count="17" type="stmt"/>
        <line num="19" count="17" type="cond" truecount="4" falsecount="0"/>
        <line num="21" count="17" type="stmt"/>
        <line num="22" count="3" type="stmt"/>
        <line num="23" count="3" type="stmt"/>
        <line num="24" count="3" type="stmt"/>
        <line num="25" count="1" type="stmt"/>
        <line num="26" count="1" type="stmt"/>
        <line num="27" count="2" type="stmt"/>
        <line num="28" count="2" type="stmt"/>
        <line num="34" count="11" type="stmt"/>
        <line num="37" count="14" type="stmt"/>
        <line num="38" count="17" type="cond" truecount="6" falsecount="0"/>
        <line num="40" count="12" type="cond" truecount="2" falsecount="0"/>
        <line num="41" count="5" type="stmt"/>
        <line num="55" count="1" type="stmt"/>
        <line num="61" count="17" type="cond" truecount="2" falsecount="0"/>
        <line num="63" count="6" type="stmt"/>
        <line num="67" count="17" type="cond" truecount="4" falsecount="0"/>
        <line num="68" count="17" type="stmt"/>
      </file>
      <file name="ForgotPasswordForm.jsx" path="/app/frontend/src/components/forms/auth/ForgotPasswordForm.jsx">
        <metrics statements="15" coveredstatements="15" conditionals="14" coveredconditionals="13" methods="3" coveredmethods="3"/>
        <line num="11" count="17" type="stmt"/>
        <line num="12" count="17" type="stmt"/>
        <line num="13" count="17" type="cond" truecount="2" falsecount="0"/>
        <line num="14" count="17" type="cond" truecount="2" falsecount="0"/>
        <line num="16" count="17" type="stmt"/>
        <line num="17" count="4" type="stmt"/>
        <line num="19" count="4" type="stmt"/>
        <line num="20" count="4" type="stmt"/>
        <line num="21" count="1" type="stmt"/>
        <line num="22" count="3" type="stmt"/>
        <line num="23" count="3" type="stmt"/>
        <line num="29" count="17" type="cond" truecount="5" falsecount="1"/>
        <line num="32" count="17" type="stmt"/>
        <line num="52" count="3" type="stmt"/>
        <line num="69" count="17" type="stmt"/>
      </file>
      <file name="LoginForm.jsx" path="/app/frontend/src/components/forms/auth/LoginForm.jsx">
        <metrics statements="30" coveredstatements="30" conditionals="36" coveredconditionals="36" methods="4" coveredmethods="4"/>
        <line num="11" count="11" type="stmt"/>
        <line num="12" count="11" type="stmt"/>
        <line num="13" count="11" type="stmt"/>
        <line num="15" count="11" type="stmt"/>
        <line num="16" count="11" type="cond" truecount="2" falsecount="0"/>
        <line num="18" count="11" type="cond" truecount="6" falsecount="0"/>
        <line num="20" count="11" type="stmt"/>
        <line num="21" count="2" type="stmt"/>
        <line num="23" count="2" type="stmt"/>
        <line num="25" count="2" type="cond" truecount="2" falsecount="0"/>
        <line num="26" count="1" type="stmt"/>
        <line num="28" count="1" type="stmt"/>
        <line num="30" count="11" type="cond" truecount="2" falsecount="0"/>
        <line num="33" count="9" type="stmt"/>
        <line num="34" count="6" type="stmt"/>
        <line num="37" count="11" type="cond" truecount="2" falsecount="0"/>
        <line num="38" count="11" type="cond" truecount="2" falsecount="0"/>
        <line num="39" count="11" type="cond" truecount="2" falsecount="0"/>
        <line num="41" count="6" type="stmt"/>
        <line num="45" count="11" type="cond" truecount="2" falsecount="0"/>
        <line num="46" count="11" type="cond" truecount="2" falsecount="0"/>
        <line num="47" count="6" type="stmt"/>
        <line num="49" count="11" type="cond" truecount="4" falsecount="0"/>
        <line num="51" count="8" type="stmt"/>
        <line num="53" count="11" type="cond" truecount="2" falsecount="0"/>
        <line num="55" count="4" type="stmt"/>
        <line num="61" count="4" type="stmt"/>
        <line num="67" count="4" type="stmt"/>
        <line num="71" count="11" type="cond" truecount="8" falsecount="0"/>
        <line num="73" count="11" type="stmt"/>
      </file>
      <file name="ReactivateConfirmForm.jsx" path="/app/frontend/src/components/forms/auth/ReactivateConfirmForm.jsx">
        <metrics statements="24" coveredstatements="24" conditionals="37" coveredconditionals="28" methods="2" coveredmethods="2"/>
        <line num="10" count="15" type="stmt"/>
        <line num="11" count="15" type="stmt"/>
        <line num="13" count="15" type="cond" truecount="2" falsecount="0"/>
        <line num="14" count="15" type="cond" truecount="4" falsecount="0"/>
        <line num="16" count="15" type="stmt"/>
        <line num="17" count="5" type="stmt"/>
        <line num="18" count="5" type="stmt"/>
        <line num="20" count="5" type="stmt"/>
        <line num="21" count="5" type="stmt"/>
        <line num="26" count="3" type="stmt"/>
        <line num="27" count="2" type="stmt"/>
        <line num="28" count="2" type="stmt"/>
        <line num="30" count="2" type="stmt"/>
        <line num="36" count="15" type="cond" truecount="3" falsecount="1"/>
        <line num="39" count="15" type="stmt"/>
        <line num="40" count="15" type="cond" truecount="2" falsecount="0"/>
        <line num="48" count="15" type="cond" truecount="1" falsecount="1"/>
        <line num="50" count="15" type="cond" truecount="2" falsecount="0"/>
        <line num="52" count="15" type="cond" truecount="1" falsecount="1"/>
        <line num="54" count="15" type="cond" truecount="2" falsecount="0"/>
        <line num="64" count="15" type="cond" truecount="3" falsecount="1"/>
        <line num="66" count="15" type="cond" truecount="2" falsecount="0"/>
        <line num="80" count="15" type="cond" truecount="3" falsecount="3"/>
        <line num="81" count="15" type="stmt"/>
      </file>
      <file name="ReactivateRequestForm.jsx" path="/app/frontend/src/components/forms/auth/ReactivateRequestForm.jsx">
        <metrics statements="16" coveredstatements="16" conditionals="14" coveredconditionals="13" methods="4" coveredmethods="4"/>
        <line num="10" count="20" type="stmt"/>
        <line num="11" count="20" type="stmt"/>
        <line num="12" count="20" type="cond" truecount="2" falsecount="0"/>
        <line num="13" count="20" type="cond" truecount="2" falsecount="0"/>
        <line num="15" count="20" type="stmt"/>
        <line num="16" count="5" type="stmt"/>
        <line num="18" count="5" type="stmt"/>
        <line num="19" count="5" type="stmt"/>
        <line num="23" count="1" type="stmt"/>
        <line num="24" count="4" type="stmt"/>
        <line num="25" count="4" type="stmt"/>
        <line num="31" count="20" type="cond" truecount="5" falsecount="1"/>
        <line num="34" count="20" type="stmt"/>
        <line num="56" count="3" type="stmt"/>
        <line num="57" count="3" type="stmt"/>
        <line num="75" count="20" type="stmt"/>
      </file>
      <file name="RegisterForm.jsx" path="/app/frontend/src/components/forms/auth/RegisterForm.jsx">
        <metrics statements="34" coveredstatements="34" conditionals="45" coveredconditionals="45" methods="5" coveredmethods="5"/>
        <line num="12" count="13" type="stmt"/>
        <line num="13" count="13" type="stmt"/>
        <line num="14" count="13" type="stmt"/>
        <line num="16" count="13" type="stmt"/>
        <line num="17" count="13" type="stmt"/>
        <line num="18" count="13" type="cond" truecount="2" falsecount="0"/>
        <line num="20" count="13" type="cond" truecount="7" falsecount="0"/>
        <line num="22" count="13" type="stmt"/>
        <line num="23" count="2" type="stmt"/>
        <line num="25" count="2" type="stmt"/>
        <line num="28" count="2" type="cond" truecount="2" falsecount="0"/>
        <line num="29" count="1" type="stmt"/>
        <line num="31" count="1" type="stmt"/>
        <line num="33" count="13" type="cond" truecount="2" falsecount="0"/>
        <line num="36" count="11" type="stmt"/>
        <line num="37" count="6" type="stmt"/>
        <line num="40" count="13" type="cond" truecount="2" falsecount="0"/>
        <line num="41" count="13" type="cond" truecount="2" falsecount="0"/>
        <line num="42" count="13" type="cond" truecount="2" falsecount="0"/>
        <line num="44" count="6" type="stmt"/>
        <line num="48" count="13" type="cond" truecount="2" falsecount="0"/>
        <line num="49" count="13" type="cond" truecount="2" falsecount="0"/>
        <line num="50" count="13" type="cond" truecount="2" falsecount="0"/>
        <line num="52" count="6" type="stmt"/>
        <line num="56" count="13" type="cond" truecount="2" falsecount="0"/>
        <line num="57" count="13" type="cond" truecount="2" falsecount="0"/>
        <line num="58" count="8" type="stmt"/>
        <line num="60" count="13" type="cond" truecount="4" falsecount="0"/>
        <line num="62" count="10" type="stmt"/>
        <line num="64" count="13" type="cond" truecount="2" falsecount="0"/>
        <line num="66" count="4" type="stmt"/>
        <line num="72" count="4" type="stmt"/>
        <line num="76" count="13" type="cond" truecount="10" falsecount="0"/>
        <line num="77" count="13" type="stmt"/>
      </file>
      <file name="ResetPasswordForm.jsx" path="/app/frontend/src/components/forms/auth/ResetPasswordForm.jsx">
        <metrics statements="27" coveredstatements="27" conditionals="22" coveredconditionals="21" methods="6" coveredmethods="6"/>
        <line num="12" count="29" type="stmt"/>
        <line num="13" count="29" type="stmt"/>
        <line num="14" count="29" type="stmt"/>
        <line num="16" count="29" type="stmt"/>
        <line num="17" count="29" type="cond" truecount="2" falsecount="0"/>
        <line num="18" count="29" type="stmt"/>
        <line num="19" count="29" type="cond" truecount="7" falsecount="0"/>
        <line num="21" count="29" type="stmt"/>
        <line num="22" count="5" type="stmt"/>
        <line num="24" count="5" type="cond" truecount="2" falsecount="0"/>
        <line num="25" count="1" type="stmt"/>
        <line num="27" count="1" type="stmt"/>
        <line num="31" count="4" type="stmt"/>
        <line num="32" count="4" type="stmt"/>
        <line num="39" count="1" type="stmt"/>
        <line num="41" count="1" type="stmt"/>
        <line num="42" count="1" type="stmt"/>
        <line num="45" count="3" type="stmt"/>
        <line num="46" count="3" type="stmt"/>
        <line num="48" count="3" type="stmt"/>
        <line num="54" count="29" type="cond" truecount="6" falsecount="1"/>
        <line num="57" count="29" type="stmt"/>
        <line num="75" count="7" type="stmt"/>
        <line num="76" count="7" type="stmt"/>
        <line num="86" count="6" type="stmt"/>
        <line num="87" count="6" type="stmt"/>
        <line num="105" count="29" type="stmt"/>
      </file>
    </package>
    <package name="components.pagination">
      <metrics statements="25" coveredstatements="23" conditionals="32" coveredconditionals="16" methods="2" coveredmethods="2"/>
      <file name="Pagination.jsx" path="/app/frontend/src/components/pagination/Pagination.jsx">
        <metrics statements="15" coveredstatements="13" conditionals="22" coveredconditionals="11" methods="1" coveredmethods="1"/>
        <line num="6" count="6" type="stmt"/>
        <line num="14" count="6" type="cond" truecount="1" falsecount="1"/>
        <line num="16" count="6" type="stmt"/>
        <line num="17" count="6" type="stmt"/>
        <line num="21" count="6" type="stmt"/>
        <line num="30" count="6" type="cond" truecount="2" falsecount="3"/>
        <line num="35" count="6" type="stmt"/>
        <line num="41" count="0" type="stmt"/>
        <line num="43" count="6" type="stmt"/>
        <line num="45" count="6" type="cond" truecount="4" falsecount="2"/>
        <line num="50" count="0" type="stmt"/>
        <line num="52" count="6" type="stmt"/>
        <line num="54" count="6" type="cond" truecount="2" falsecount="2"/>
        <line num="59" count="6" type="cond" truecount="2" falsecount="3"/>
        <line num="60" count="6" type="stmt"/>
      </file>
      <file name="PaginationLabel.jsx" path="/app/frontend/src/components/pagination/PaginationLabel.jsx">
        <metrics statements="10" coveredstatements="10" conditionals="10" coveredconditionals="5" methods="1" coveredmethods="1"/>
        <line num="3" count="4" type="stmt"/>
        <line num="9" count="4" type="stmt"/>
        <line num="11" count="4" type="stmt"/>
        <line num="14" count="4" type="cond" truecount="2" falsecount="2"/>
        <line num="17" count="4" type="stmt"/>
        <line num="18" count="4" type="stmt"/>
        <line num="24" count="4" type="cond" truecount="1" falsecount="1"/>
        <line num="26" count="4" type="stmt"/>
        <line num="31" count="4" type="cond" truecount="2" falsecount="2"/>
        <line num="32" count="4" type="stmt"/>
      </file>
    </package>
    <package name="components.renderers">
      <metrics statements="40" coveredstatements="40" conditionals="88" coveredconditionals="52" methods="3" coveredmethods="3"/>
      <file name="FormFieldRenderer.jsx" path="/app/frontend/src/components/renderers/FormFieldRenderer.jsx">
        <metrics statements="25" coveredstatements="25" conditionals="58" coveredconditionals="28" methods="1" coveredmethods="1"/>
        <line num="11" count="8" type="stmt"/>
        <line num="23" count="8" type="cond" truecount="1" falsecount="1"/>
        <line num="24" count="8" type="cond" truecount="4" falsecount="2"/>
        <line num="25" count="8" type="stmt"/>
        <line num="27" count="8" type="cond" truecount="2" falsecount="0"/>
        <line num="29" count="1" type="stmt"/>
        <line num="31" count="1" type="cond" truecount="2" falsecount="4"/>
        <line num="34" count="1" type="stmt"/>
        <line num="38" count="7" type="cond" truecount="4" falsecount="5"/>
        <line num="39" count="4" type="cond" truecount="2" falsecount="0"/>
        <line num="40" count="4" type="cond" truecount="1" falsecount="1"/>
        <line num="42" count="4" type="stmt"/>
        <line num="49" count="4" type="cond" truecount="2" falsecount="0"/>
        <line num="50" count="4" type="cond" truecount="2" falsecount="0"/>
        <line num="52" count="4" type="stmt"/>
        <line num="57" count="4" type="cond" truecount="2" falsecount="8"/>
        <line num="60" count="4" type="stmt"/>
        <line num="70" count="4" type="stmt"/>
        <line num="74" count="3" type="cond" truecount="2" falsecount="0"/>
        <line num="76" count="1" type="stmt"/>
        <line num="78" count="1" type="cond" truecount="2" falsecount="5"/>
        <line num="82" count="1" type="stmt"/>
        <line num="87" count="2" type="stmt"/>
        <line num="89" count="2" type="cond" truecount="2" falsecount="4"/>
        <line num="92" count="2" type="stmt"/>
      </file>
      <file name="ModelFieldRenderer.jsx" path="/app/frontend/src/components/renderers/ModelFieldRenderer.jsx">
        <metrics statements="15" coveredstatements="15" conditionals="30" coveredconditionals="24" methods="2" coveredmethods="2"/>
        <line num="4" count="10" type="cond" truecount="2" falsecount="0"/>
        <line num="5" count="10" type="cond" truecount="2" falsecount="0"/>
        <line num="7" count="2" type="cond" truecount="3" falsecount="1"/>
        <line num="8" count="2" type="cond" truecount="4" falsecount="2"/>
        <line num="9" count="2" type="stmt"/>
        <line num="13" count="8" type="cond" truecount="3" falsecount="1"/>
        <line num="15" count="2" type="stmt"/>
        <line num="16" count="2" type="stmt"/>
        <line num="18" count="5" type="cond" truecount="4" falsecount="0"/>
        <line num="22" count="3" type="stmt"/>
        <line num="26" count="2" type="cond" truecount="1" falsecount="1"/>
        <line num="27" count="2" type="stmt"/>
        <line num="32" count="6" type="stmt"/>
        <line num="33" count="10" type="cond" truecount="5" falsecount="1"/>
        <line num="34" count="6" type="stmt"/>
      </file>
    </package>
    <package name="components.structure.dashboard">
      <metrics statements="38" coveredstatements="38" conditionals="71" coveredconditionals="34" methods="8" coveredmethods="8"/>
      <file name="DashboardFilterPanel.jsx" path="/app/frontend/src/components/structure/dashboard/DashboardFilterPanel.jsx">
        <metrics statements="11" coveredstatements="11" conditionals="15" coveredconditionals="7" methods="2" coveredmethods="2"/>
        <line num="5" count="4" type="stmt"/>
        <line num="9" count="4" type="cond" truecount="1" falsecount="1"/>
        <line num="11" count="4" type="stmt"/>
        <line num="12" count="4" type="stmt"/>
        <line num="18" count="4" type="cond" truecount="1" falsecount="1"/>
        <line num="21" count="4" type="stmt"/>
        <line num="24" count="4" type="cond" truecount="4" falsecount="5"/>
        <line num="27" count="4" type="stmt"/>
        <line num="28" count="8" type="stmt"/>
        <line num="50" count="4" type="cond" truecount="1" falsecount="1"/>
        <line num="52" count="4" type="stmt"/>
      </file>
      <file name="DashboardTable.jsx" path="/app/frontend/src/components/structure/dashboard/DashboardTable.jsx">
        <metrics statements="12" coveredstatements="12" conditionals="27" coveredconditionals="11" methods="2" coveredmethods="2"/>
        <line num="6" count="6" type="stmt"/>
        <line num="14" count="6" type="cond" truecount="2" falsecount="2"/>
        <line num="16" count="6" type="stmt"/>
        <line num="27" count="6" type="stmt"/>
        <line num="30" count="6" type="cond" truecount="4" falsecount="11"/>
        <line num="32" count="6" type="stmt"/>
        <line num="37" count="6" type="stmt"/>
        <line num="38" count="12" type="cond" truecount="2" falsecount="0"/>
        <line num="39" count="12" type="stmt"/>
        <line num="52" count="6" type="cond" truecount="1" falsecount="1"/>
        <line num="53" count="6" type="cond" truecount="2" falsecount="2"/>
        <line num="54" count="6" type="stmt"/>
      </file>
      <file name="DashboardTableHeader.jsx" path="/app/frontend/src/components/structure/dashboard/DashboardTableHeader.jsx">
        <metrics statements="6" coveredstatements="6" conditionals="6" coveredconditionals="3" methods="2" coveredmethods="2"/>
        <line num="3" count="7" type="stmt"/>
        <line num="6" count="3" type="cond" truecount="1" falsecount="1"/>
        <line num="8" count="3" type="stmt"/>
        <line num="17" count="3" type="stmt"/>
        <line num="26" count="3" type="cond" truecount="2" falsecount="2"/>
        <line num="27" count="3" type="stmt"/>
      </file>
      <file name="DashboardTableRow.jsx" path="/app/frontend/src/components/structure/dashboard/DashboardTableRow.jsx">
        <metrics statements="9" coveredstatements="9" conditionals="23" coveredconditionals="13" methods="2" coveredmethods="2"/>
        <line num="3" count="6" type="stmt"/>
        <line num="11" count="6" type="stmt"/>
        <line num="16" count="6" type="cond" truecount="2" falsecount="0"/>
        <line num="17" count="6" type="cond" truecount="2" falsecount="0"/>
        <line num="21" count="6" type="cond" truecount="3" falsecount="1"/>
        <line num="24" count="6" type="cond" truecount="2" falsecount="0"/>
        <line num="29" count="6" type="cond" truecount="2" falsecount="2"/>
        <line num="31" count="6" type="cond" truecount="2" falsecount="7"/>
        <line num="34" count="6" type="stmt"/>
      </file>
    </package>
    <package name="context">
      <metrics statements="37" coveredstatements="37" conditionals="8" coveredconditionals="8" methods="7" coveredmethods="7"/>
      <file name="AuthContext.jsx" path="/app/frontend/src/context/AuthContext.jsx">
        <metrics statements="37" coveredstatements="37" conditionals="8" coveredconditionals="8" methods="7" coveredmethods="7"/>
        <line num="9" count="2" type="stmt"/>
        <line num="11" count="2" type="stmt"/>
        <line num="12" count="29" type="stmt"/>
        <line num="13" count="29" type="stmt"/>
        <line num="15" count="29" type="stmt"/>
        <line num="16" count="14" type="stmt"/>
        <line num="17" count="14" type="stmt"/>
        <line num="18" count="8" type="stmt"/>
        <line num="20" count="6" type="stmt"/>
        <line num="22" count="14" type="stmt"/>
        <line num="26" count="29" type="stmt"/>
        <line num="27" count="3" type="stmt"/>
        <line num="28" count="3" type="stmt"/>
        <line num="33" count="1" type="stmt"/>
        <line num="35" count="1" type="stmt"/>
        <line num="40" count="2" type="stmt"/>
        <line num="42" count="2" type="stmt"/>
        <line num="51" count="29" type="stmt"/>
        <line num="52" count="2" type="stmt"/>
        <line num="53" count="2" type="stmt"/>
        <line num="55" count="1" type="stmt"/>
        <line num="60" count="2" type="stmt"/>
        <line num="64" count="29" type="stmt"/>
        <line num="69" count="3" type="stmt"/>
        <line num="70" count="3" type="stmt"/>
        <line num="79" count="1" type="stmt"/>
        <line num="84" count="2" type="stmt"/>
        <line num="86" count="2" type="stmt"/>
        <line num="97" count="29" type="stmt"/>
        <line num="102" count="3" type="stmt"/>
        <line num="103" count="3" type="stmt"/>
        <line num="112" count="1" type="stmt"/>
        <line num="117" count="2" type="stmt"/>
        <line num="119" count="2" type="stmt"/>
        <line num="130" count="29" type="stmt"/>
        <line num="131" count="13" type="stmt"/>
        <line num="134" count="29" type="stmt"/>
      </file>
    </package>
    <package name="hooks">
      <metrics statements="60" coveredstatements="60" conditionals="22" coveredconditionals="21" methods="15" coveredmethods="15"/>
      <file name="UseAuth.js" path="/app/frontend/src/hooks/UseAuth.js">
        <metrics statements="1" coveredstatements="1" conditionals="0" coveredconditionals="0" methods="1" coveredmethods="1"/>
        <line num="5" count="4" type="stmt"/>
      </file>
      <file name="useCoreFieldOptions.js" path="/app/frontend/src/hooks/useCoreFieldOptions.js">
        <metrics statements="12" coveredstatements="12" conditionals="4" coveredconditionals="3" methods="3" coveredmethods="3"/>
        <line num="5" count="1" type="stmt"/>
        <line num="6" count="12" type="stmt"/>
        <line num="8" count="12" type="stmt"/>
        <line num="9" count="7" type="stmt"/>
        <line num="10" count="7" type="cond" truecount="2" falsecount="0"/>
        <line num="12" count="6" type="stmt"/>
        <line num="13" count="6" type="stmt"/>
        <line num="17" count="4" type="cond" truecount="1" falsecount="1"/>
        <line num="19" count="2" type="stmt"/>
        <line num="20" count="2" type="stmt"/>
        <line num="24" count="7" type="stmt"/>
        <line num="27" count="12" type="stmt"/>
      </file>
      <file name="useCoreModelData.js" path="/app/frontend/src/hooks/useCoreModelData.js">
        <metrics statements="23" coveredstatements="23" conditionals="10" coveredconditionals="10" methods="3" coveredmethods="3"/>
        <line num="5" count="1" type="stmt"/>
        <line num="11" count="17" type="stmt"/>
        <line num="12" count="17" type="stmt"/>
        <line num="13" count="17" type="stmt"/>
        <line num="14" count="17" type="stmt"/>
        <line num="15" count="17" type="stmt"/>
        <line num="16" count="17" type="stmt"/>
        <line num="18" count="17" type="stmt"/>
        <line num="19" count="7" type="cond" truecount="2" falsecount="0"/>
        <line num="21" count="6" type="stmt"/>
        <line num="22" count="6" type="stmt"/>
        <line num="24" count="6" type="stmt"/>
        <line num="25" count="6" type="stmt"/>
        <line num="33" count="5" type="cond" truecount="2" falsecount="0"/>
        <line num="34" count="7" type="cond" truecount="2" falsecount="0"/>
        <line num="35" count="7" type="cond" truecount="2" falsecount="0"/>
        <line num="36" count="7" type="cond" truecount="2" falsecount="0"/>
        <line num="38" count="1" type="stmt"/>
        <line num="39" count="1" type="stmt"/>
        <line num="41" count="6" type="stmt"/>
        <line num="45" count="17" type="stmt"/>
        <line num="46" count="6" type="stmt"/>
        <line num="49" count="17" type="stmt"/>
      </file>
      <file name="useCoreRelationOptions.js" path="/app/frontend/src/hooks/useCoreRelationOptions.js">
        <metrics statements="16" coveredstatements="16" conditionals="2" coveredconditionals="2" methods="4" coveredmethods="4"/>
        <line num="5" count="1" type="stmt"/>
        <line num="6" count="18" type="stmt"/>
        <line num="8" count="18" type="stmt"/>
        <line num="9" count="9" type="stmt"/>
        <line num="10" count="9" type="stmt"/>
        <line num="11" count="10" type="stmt"/>
        <line num="14" count="9" type="stmt"/>
        <line num="16" count="9" type="stmt"/>
        <line num="17" count="9" type="stmt"/>
        <line num="18" count="9" type="stmt"/>
        <line num="24" count="7" type="cond" truecount="2" falsecount="0"/>
        <line num="26" count="2" type="stmt"/>
        <line num="27" count="2" type="stmt"/>
        <line num="31" count="9" type="stmt"/>
        <line num="34" count="9" type="stmt"/>
        <line num="37" count="18" type="stmt"/>
      </file>
      <file name="useDebouncedValue.js" path="/app/frontend/src/hooks/useDebouncedValue.js">
        <metrics statements="8" coveredstatements="8" conditionals="6" coveredconditionals="6" methods="4" coveredmethods="4"/>
        <line num="3" count="18" type="cond" truecount="2" falsecount="0"/>
        <line num="4" count="18" type="cond" truecount="4" falsecount="0"/>
        <line num="6" count="18" type="stmt"/>
        <line num="7" count="13" type="stmt"/>
        <line num="8" count="5" type="stmt"/>
        <line num="9" count="13" type="stmt"/>
        <line num="11" count="7" type="stmt"/>
        <line num="12" count="18" type="stmt"/>
      </file>
    </package>
    <package name="pages.Admin">
      <metrics statements="90" coveredstatements="88" conditionals="104" coveredconditionals="98" methods="21" coveredmethods="18"/>
      <file name="AdminDashboard.jsx" path="/app/frontend/src/pages/Admin/AdminDashboard.jsx">
        <metrics statements="90" coveredstatements="88" conditionals="104" coveredconditionals="98" methods="21" coveredmethods="18"/>
        <line num="42" count="24" type="stmt"/>
        <line num="43" count="22" type="cond" truecount="2" falsecount="0"/>
        <line num="44" count="22" type="stmt"/>
        <line num="45" count="22" type="stmt"/>
        <line num="46" count="22" type="stmt"/>
        <line num="47" count="22" type="stmt"/>
        <line num="48" count="22" type="stmt"/>
        <line num="49" count="22" type="stmt"/>
        <line num="53" count="22" type="stmt"/>
        <line num="57" count="22" type="cond" truecount="2" falsecount="0"/>
        <line num="59" count="22" type="stmt"/>
        <line num="60" count="1" type="stmt"/>
        <line num="61" count="1" type="stmt"/>
        <line num="62" count="1" type="stmt"/>
        <line num="64" count="1" type="stmt"/>
        <line num="66" count="1" type="stmt"/>
        <line num="67" count="1" type="stmt"/>
        <line num="70" count="1" type="stmt"/>
        <line num="71" count="22" type="cond" truecount="2" falsecount="0"/>
        <line num="73" count="22" type="stmt"/>
        <line num="74" count="1" type="stmt"/>
        <line num="75" count="1" type="stmt"/>
        <line num="76" count="1" type="stmt"/>
        <line num="77" count="22" type="cond" truecount="2" falsecount="0"/>
        <line num="79" count="22" type="stmt"/>
        <line num="80" count="2" type="stmt"/>
        <line num="81" count="2" type="stmt"/>
        <line num="82" count="22" type="cond" truecount="2" falsecount="0"/>
        <line num="85" count="22" type="stmt"/>
        <line num="86" count="14" type="stmt"/>
        <line num="88" count="12" type="stmt"/>
        <line num="90" count="22" type="cond" truecount="2" falsecount="0"/>
        <line num="94" count="24" type="cond" truecount="2" falsecount="0"/>
        <line num="95" count="11" type="stmt"/>
        <line num="96" count="24" type="stmt"/>
        <line num="101" count="2" type="stmt"/>
        <line num="102" count="2" type="stmt"/>
        <line num="107" count="22" type="cond" truecount="2" falsecount="0"/>
        <line num="110" count="22" type="cond" truecount="2" falsecount="0"/>
        <line num="113" count="13" type="stmt"/>
        <line num="115" count="13" type="stmt"/>
        <line num="118" count="11" type="stmt"/>
        <line num="119" count="1" type="stmt"/>
        <line num="120" count="1" type="stmt"/>
        <line num="121" count="22" type="cond" truecount="2" falsecount="0"/>
        <line num="122" count="22" type="cond" truecount="4" falsecount="0"/>
        <line num="123" count="22" type="cond" truecount="2" falsecount="0"/>
        <line num="125" count="11" type="stmt"/>
        <line num="126" count="2" type="stmt"/>
        <line num="127" count="22" type="cond" truecount="2" falsecount="0"/>
        <line num="129" count="12" type="stmt"/>
        <line num="131" count="22" type="cond" truecount="4" falsecount="0"/>
        <line num="133" count="22" type="cond" truecount="2" falsecount="0"/>
        <line num="136" count="12" type="stmt"/>
        <line num="141" count="22" type="cond" truecount="4" falsecount="0"/>
        <line num="142" count="12" type="stmt"/>
        <line num="143" count="12" type="stmt"/>
        <line num="144" count="24" type="stmt"/>
        <line num="148" count="22" type="cond" truecount="7" falsecount="0"/>
        <line num="151" count="22" type="cond" truecount="4" falsecount="0"/>
        <line num="154" count="12" type="stmt"/>
        <line num="162" count="12" type="stmt"/>
        <line num="163" count="0" type="cond" truecount="0" falsecount="4"/>
        <line num="165" count="0" type="stmt"/>
        <line num="168" count="22" type="cond" truecount="2" falsecount="0"/>
        <line num="169" count="11" type="stmt"/>
        <line num="170" count="1" type="cond" truecount="1" falsecount="1"/>
        <line num="172" count="1" type="stmt"/>
        <line num="173" count="22" type="cond" truecount="8" falsecount="0"/>
        <line num="176" count="22" type="cond" truecount="6" falsecount="0"/>
        <line num="178" count="22" type="cond" truecount="2" falsecount="0"/>
        <line num="180" count="14" type="stmt"/>
        <line num="182" count="11" type="stmt"/>
        <line num="183" count="22" type="cond" truecount="6" falsecount="0"/>
        <line num="185" count="13" type="cond" truecount="2" falsecount="0"/>
        <line num="189" count="1" type="stmt"/>
        <line num="190" count="1" type="stmt"/>
        <line num="193" count="22" type="cond" truecount="5" falsecount="0"/>
        <line num="194" count="22" type="cond" truecount="2" falsecount="0"/>
        <line num="196" count="17" type="stmt"/>
        <line num="198" count="11" type="stmt"/>
        <line num="199" count="22" type="cond" truecount="2" falsecount="0"/>
        <line num="201" count="15" type="stmt"/>
        <line num="204" count="11" type="stmt"/>
        <line num="205" count="2" type="stmt"/>
        <line num="209" count="2" type="stmt"/>
        <line num="210" count="22" type="cond" truecount="4" falsecount="0"/>
        <line num="211" count="22" type="cond" truecount="5" falsecount="0"/>
        <line num="212" count="22" type="cond" truecount="4" falsecount="1"/>
        <line num="213" count="22" type="stmt"/>
      </file>
    </package>
    <package name="utils">
      <metrics statements="5" coveredstatements="5" conditionals="1" coveredconditionals="1" methods="2" coveredmethods="2"/>
      <file name="resetModelFilters.js" path="/app/frontend/src/utils/resetModelFilters.js">
        <metrics statements="5" coveredstatements="5" conditionals="1" coveredconditionals="1" methods="2" coveredmethods="2"/>
        <line num="1" count="2" type="cond" truecount="1" falsecount="0"/>
        <line num="2" count="6" type="stmt"/>
        <line num="4" count="6" type="stmt"/>
        <line num="5" count="7" type="stmt"/>
        <line num="8" count="6" type="stmt"/>
      </file>
    </package>
    <package name="utils.form_fields">
      <metrics statements="9" coveredstatements="9" conditionals="6" coveredconditionals="6" methods="2" coveredmethods="2"/>
      <file name="getInitialFormData.js" path="/app/frontend/src/utils/form_fields/getInitialFormData.js">
        <metrics statements="9" coveredstatements="9" conditionals="6" coveredconditionals="6" methods="2" coveredmethods="2"/>
        <line num="1" count="1" type="stmt"/>
        <line num="2" count="6" type="stmt"/>
        <line num="4" count="6" type="stmt"/>
        <line num="5" count="9" type="cond" truecount="2" falsecount="0"/>
        <line num="6" count="2" type="stmt"/>
        <line num="7" count="7" type="cond" truecount="2" falsecount="0"/>
        <line num="8" count="4" type="cond" truecount="2" falsecount="0"/>
        <line num="10" count="3" type="stmt"/>
        <line num="14" count="6" type="stmt"/>
      </file>
    </package>
    <package name="utils.form_fields.errors">
      <metrics statements="15" coveredstatements="15" conditionals="14" coveredconditionals="14" methods="2" coveredmethods="2"/>
      <file name="getFieldError.js" path="/app/frontend/src/utils/form_fields/errors/getFieldError.js">
        <metrics statements="4" coveredstatements="4" conditionals="4" coveredconditionals="4" methods="1" coveredmethods="1"/>
        <line num="1" count="2" type="stmt"/>
        <line num="2" count="13" type="stmt"/>
        <line num="4" count="13" type="cond" truecount="2" falsecount="0"/>
        <line num="6" count="4" type="cond" truecount="2" falsecount="0"/>
      </file>
      <file name="parseBackendErrors.js" path="/app/frontend/src/utils/form_fields/errors/parseBackendErrors.js">
        <metrics statements="11" coveredstatements="11" conditionals="10" coveredconditionals="10" methods="1" coveredmethods="1"/>
        <line num="1" count="1" type="stmt"/>
        <line num="2" count="7" type="stmt"/>
        <line num="4" count="7" type="cond" truecount="4" falsecount="0"/>
        <line num="5" count="2" type="stmt"/>
        <line num="11" count="5" type="stmt"/>
        <line num="13" count="5" type="stmt"/>
        <line num="15" count="5" type="cond" truecount="2" falsecount="0"/>
        <line num="16" count="3" type="cond" truecount="2" falsecount="0"/>
        <line num="19" count="2" type="cond" truecount="2" falsecount="0"/>
        <line num="20" count="1" type="stmt"/>
        <line num="23" count="5" type="stmt"/>
      </file>
    </package>
    <package name="utils.form_fields.relation">
      <metrics statements="24" coveredstatements="24" conditionals="16" coveredconditionals="16" methods="9" coveredmethods="9"/>
      <file name="formatRelationOptions.js" path="/app/frontend/src/utils/form_fields/relation/formatRelationOptions.js">
        <metrics statements="7" coveredstatements="7" conditionals="7" coveredconditionals="7" methods="2" coveredmethods="2"/>
        <line num="1" count="2" type="stmt"/>
        <line num="2" count="9" type="cond" truecount="2" falsecount="0"/>
        <line num="3" count="5" type="stmt"/>
        <line num="4" count="9" type="stmt"/>
        <line num="9" count="4" type="cond" truecount="5" falsecount="0"/>
        <line num="10" count="1" type="stmt"/>
        <line num="13" count="3" type="stmt"/>
      </file>
      <file name="getFilteredRelationOptions.js" path="/app/frontend/src/utils/form_fields/relation/getFilteredRelationOptions.js">
        <metrics statements="4" coveredstatements="4" conditionals="2" coveredconditionals="2" methods="2" coveredmethods="2"/>
        <line num="1" count="2" type="stmt"/>
        <line num="7" count="11" type="cond" truecount="2" falsecount="0"/>
        <line num="9" count="6" type="stmt"/>
        <line num="10" count="11" type="stmt"/>
      </file>
      <file name="getSelectedRelationOptions.js" path="/app/frontend/src/utils/form_fields/relation/getSelectedRelationOptions.js">
        <metrics statements="6" coveredstatements="6" conditionals="3" coveredconditionals="3" methods="3" coveredmethods="3"/>
        <line num="1" count="2" type="stmt"/>
        <line num="7" count="10" type="cond" truecount="2" falsecount="0"/>
        <line num="8" count="8" type="stmt"/>
        <line num="9" count="13" type="stmt"/>
        <line num="13" count="2" type="stmt"/>
        <line num="14" count="3" type="stmt"/>
      </file>
      <file name="getUpdatedRelationValues.js" path="/app/frontend/src/utils/form_fields/relation/getUpdatedRelationValues.js">
        <metrics statements="7" coveredstatements="7" conditionals="4" coveredconditionals="4" methods="2" coveredmethods="2"/>
        <line num="1" count="1" type="stmt"/>
        <line num="6" count="6" type="stmt"/>
        <line num="8" count="6" type="cond" truecount="2" falsecount="0"/>
        <line num="9" count="2" type="stmt"/>
        <line num="12" count="4" type="stmt"/>
        <line num="14" count="4" type="cond" truecount="2" falsecount="0"/>
        <line num="15" count="2" type="stmt"/>
      </file>
    </package>
  </project>
</coverage>
