{"/app/frontend/src/pages/Admin/AdminDashboard.jsx": {"path":"/app/frontend/src/pages/Admin/AdminDashboard.jsx","statementMap":{"0":{"start":{"line":42,"column":6},"end":{"line":88,"column":null}},"1":{"start":{"line":42,"column":23},"end":{"line":42,"column":null}},"2":{"start":{"line":43,"column":2},"end":{"line":43,"column":67}},"3":{"start":{"line":44,"column":2},"end":{"line":44,"column":54}},"4":{"start":{"line":44,"column":55},"end":{"line":45,"column":56}},"5":{"start":{"line":45,"column":53},"end":{"line":45,"column":56}},"6":{"start":{"line":45,"column":55},"end":{"line":45,"column":56}},"7":{"start":{"line":45,"column":2},"end":{"line":45,"column":55}},"8":{"start":{"line":46,"column":2},"end":{"line":46,"column":52}},"9":{"start":{"line":47,"column":2},"end":{"line":47,"column":41}},"10":{"start":{"line":48,"column":2},"end":{"line":48,"column":67}},"11":{"start":{"line":49,"column":2},"end":{"line":49,"column":67}},"12":{"start":{"line":54,"column":2},"end":{"line":57,"column":null}},"13":{"start":{"line":58,"column":4},"end":{"line":72,"column":4}},"14":{"start":{"line":60,"column":28},"end":{"line":71,"column":null}},"15":{"start":{"line":61,"column":4},"end":{"line":61,"column":null}},"16":{"start":{"line":62,"column":4},"end":{"line":62,"column":null}},"17":{"start":{"line":63,"column":4},"end":{"line":63,"column":null}},"18":{"start":{"line":65,"column":25},"end":{"line":65,"column":27}},"19":{"start":{"line":67,"column":4},"end":{"line":69,"column":null}},"20":{"start":{"line":68,"column":6},"end":{"line":68,"column":null}},"21":{"start":{"line":71,"column":4},"end":{"line":71,"column":null}},"22":{"start":{"line":72,"column":3},"end":{"line":72,"column":4}},"23":{"start":{"line":60,"column":28},"end":{"line":60,"column":null}},"24":{"start":{"line":72,"column":4},"end":{"line":78,"column":4}},"25":{"start":{"line":74,"column":29},"end":{"line":77,"column":null}},"26":{"start":{"line":75,"column":4},"end":{"line":75,"column":null}},"27":{"start":{"line":76,"column":4},"end":{"line":76,"column":null}},"28":{"start":{"line":77,"column":4},"end":{"line":77,"column":null}},"29":{"start":{"line":78,"column":3},"end":{"line":78,"column":4}},"30":{"start":{"line":74,"column":29},"end":{"line":74,"column":null}},"31":{"start":{"line":78,"column":4},"end":{"line":85,"column":4}},"32":{"start":{"line":80,"column":26},"end":{"line":84,"column":null}},"33":{"start":{"line":81,"column":4},"end":{"line":81,"column":null}},"34":{"start":{"line":82,"column":4},"end":{"line":82,"column":null}},"35":{"start":{"line":83,"column":4},"end":{"line":83,"column":null}},"36":{"start":{"line":84,"column":4},"end":{"line":84,"column":null}},"37":{"start":{"line":85,"column":3},"end":{"line":85,"column":4}},"38":{"start":{"line":80,"column":26},"end":{"line":80,"column":null}},"39":{"start":{"line":85,"column":4},"end":{"line":93,"column":null}},"40":{"start":{"line":93,"column":23},"end":{"line":93,"column":null}},"41":{"start":{"line":93,"column":35},"end":{"line":93,"column":null}},"42":{"start":{"line":93,"column":35},"end":{"line":97,"column":null}},"43":{"start":{"line":97,"column":26},"end":{"line":97,"column":62}},"44":{"start":{"line":97,"column":35},"end":{"line":97,"column":62}},"45":{"start":{"line":97,"column":62},"end":{"line":97,"column":null}},"46":{"start":{"line":97,"column":62},"end":{"line":110,"column":null}},"47":{"start":{"line":98,"column":25},"end":{"line":110,"column":null}},"48":{"start":{"line":99,"column":16},"end":{"line":110,"column":null}},"49":{"start":{"line":104,"column":24},"end":{"line":104,"column":null}},"50":{"start":{"line":105,"column":24},"end":{"line":105,"column":null}},"51":{"start":{"line":110,"column":15},"end":{"line":110,"column":null}},"52":{"start":{"line":110,"column":15},"end":{"line":113,"column":null}},"53":{"start":{"line":91,"column":10},"end":{"line":113,"column":null}},"54":{"start":{"line":113,"column":29},"end":{"line":113,"column":null}},"55":{"start":{"line":113,"column":29},"end":{"line":124,"column":null}},"56":{"start":{"line":121,"column":26},"end":{"line":123,"column":null}},"57":{"start":{"line":122,"column":18},"end":{"line":122,"column":null}},"58":{"start":{"line":123,"column":18},"end":{"line":123,"column":null}},"59":{"start":{"line":124,"column":17},"end":{"line":124,"column":null}},"60":{"start":{"line":124,"column":17},"end":{"line":125,"column":77}},"61":{"start":{"line":125,"column":39},"end":{"line":125,"column":77}},"62":{"start":{"line":125,"column":72},"end":{"line":125,"column":77}},"63":{"start":{"line":125,"column":29},"end":{"line":125,"column":77}},"64":{"start":{"line":125,"column":77},"end":{"line":126,"column":null}},"65":{"start":{"line":118,"column":14},"end":{"line":126,"column":null}},"66":{"start":{"line":126,"column":16},"end":{"line":126,"column":null}},"67":{"start":{"line":126,"column":16},"end":{"line":130,"column":null}},"68":{"start":{"line":128,"column":14},"end":{"line":130,"column":null}},"69":{"start":{"line":129,"column":31},"end":{"line":129,"column":56}},"70":{"start":{"line":130,"column":16},"end":{"line":130,"column":null}},"71":{"start":{"line":130,"column":16},"end":{"line":134,"column":null}},"72":{"start":{"line":132,"column":14},"end":{"line":134,"column":null}},"73":{"start":{"line":134,"column":16},"end":{"line":134,"column":null}},"74":{"start":{"line":134,"column":16},"end":{"line":136,"column":null}},"75":{"start":{"line":116,"column":10},"end":{"line":136,"column":null}},"76":{"start":{"line":136,"column":29},"end":{"line":136,"column":null}},"77":{"start":{"line":136,"column":29},"end":{"line":145,"column":null}},"78":{"start":{"line":145,"column":25},"end":{"line":145,"column":61}},"79":{"start":{"line":145,"column":34},"end":{"line":145,"column":61}},"80":{"start":{"line":145,"column":61},"end":{"line":145,"column":null}},"81":{"start":{"line":145,"column":61},"end":{"line":152,"column":null}},"82":{"start":{"line":146,"column":25},"end":{"line":152,"column":null}},"83":{"start":{"line":147,"column":16},"end":{"line":152,"column":18}},"84":{"start":{"line":148,"column":18},"end":{"line":152,"column":18}},"85":{"start":{"line":152,"column":18},"end":{"line":152,"column":null}},"86":{"start":{"line":152,"column":18},"end":{"line":155,"column":null}},"87":{"start":{"line":139,"column":10},"end":{"line":155,"column":null}},"88":{"start":{"line":155,"column":29},"end":{"line":155,"column":null}},"89":{"start":{"line":155,"column":29},"end":{"line":172,"column":null}},"90":{"start":{"line":166,"column":28},"end":{"line":171,"column":null}},"91":{"start":{"line":167,"column":18},"end":{"line":167,"column":null}},"92":{"start":{"line":167,"column":47},"end":{"line":167,"column":null}},"93":{"start":{"line":169,"column":18},"end":{"line":171,"column":null}},"94":{"start":{"line":172,"column":17},"end":{"line":172,"column":null}},"95":{"start":{"line":172,"column":17},"end":{"line":177,"column":null}},"96":{"start":{"line":173,"column":24},"end":{"line":176,"column":null}},"97":{"start":{"line":174,"column":18},"end":{"line":174,"column":null}},"98":{"start":{"line":174,"column":27},"end":{"line":174,"column":null}},"99":{"start":{"line":176,"column":18},"end":{"line":176,"column":null}},"100":{"start":{"line":177,"column":17},"end":{"line":177,"column":null}},"101":{"start":{"line":177,"column":17},"end":{"line":180,"column":null}},"102":{"start":{"line":158,"column":10},"end":{"line":180,"column":null}},"103":{"start":{"line":180,"column":29},"end":{"line":180,"column":null}},"104":{"start":{"line":180,"column":29},"end":{"line":182,"column":null}},"105":{"start":{"line":89,"column":6},"end":{"line":182,"column":null}},"106":{"start":{"line":182,"column":8},"end":{"line":182,"column":null}},"107":{"start":{"line":182,"column":8},"end":{"line":186,"column":null}},"108":{"start":{"line":186,"column":17},"end":{"line":186,"column":null}},"109":{"start":{"line":186,"column":23},"end":{"line":186,"column":50}},"110":{"start":{"line":186,"column":50},"end":{"line":186,"column":null}},"111":{"start":{"line":187,"column":15},"end":{"line":187,"column":36}},"112":{"start":{"line":187,"column":51},"end":{"line":200,"column":null}},"113":{"start":{"line":189,"column":9},"end":{"line":200,"column":null}},"114":{"start":{"line":194,"column":14},"end":{"line":194,"column":null}},"115":{"start":{"line":195,"column":14},"end":{"line":195,"column":null}},"116":{"start":{"line":196,"column":14},"end":{"line":196,"column":null}},"117":{"start":{"line":197,"column":14},"end":{"line":197,"column":null}},"118":{"start":{"line":200,"column":9},"end":{"line":200,"column":null}},"119":{"start":{"line":200,"column":9},"end":{"line":201,"column":null}},"120":{"start":{"line":184,"column":6},"end":{"line":201,"column":null}},"121":{"start":{"line":201,"column":18},"end":{"line":201,"column":null}},"122":{"start":{"line":201,"column":18},"end":{"line":205,"column":null}},"123":{"start":{"line":205,"column":17},"end":{"line":205,"column":null}},"124":{"start":{"line":205,"column":23},"end":{"line":205,"column":50}},"125":{"start":{"line":205,"column":50},"end":{"line":205,"column":null}},"126":{"start":{"line":206,"column":15},"end":{"line":206,"column":46}},"127":{"start":{"line":206,"column":46},"end":{"line":217,"column":null}},"128":{"start":{"line":211,"column":26},"end":{"line":216,"column":null}},"129":{"start":{"line":212,"column":12},"end":{"line":215,"column":null}},"130":{"start":{"line":212,"column":40},"end":{"line":215,"column":15}},"131":{"start":{"line":216,"column":12},"end":{"line":216,"column":null}},"132":{"start":{"line":217,"column":11},"end":{"line":217,"column":null}},"133":{"start":{"line":217,"column":11},"end":{"line":218,"column":null}},"134":{"start":{"line":208,"column":8},"end":{"line":218,"column":null}},"135":{"start":{"line":218,"column":10},"end":{"line":218,"column":null}},"136":{"start":{"line":218,"column":10},"end":{"line":219,"column":null}},"137":{"start":{"line":203,"column":6},"end":{"line":219,"column":null}},"138":{"start":{"line":219,"column":18},"end":{"line":219,"column":null}},"139":{"start":{"line":219,"column":18},"end":{"line":220,"column":null}},"140":{"start":{"line":88,"column":4},"end":{"line":220,"column":null}},"141":{"start":{"line":220,"column":7},"end":{"line":220,"column":null}},"142":{"start":{"line":220,"column":7},"end":{"line":88,"column":null}},"143":{"start":{"line":42,"column":23},"end":{"line":96,"column":null}},"144":{"start":{"line":42,"column":23},"end":{"line":170,"column":null}},"145":{"start":{"line":42,"column":23},"end":{"line":52,"column":null}}},"fnMap":{"0":{"name":"(anonymous_0)","decl":{"start":{"line":42,"column":6},"end":{"line":42,"column":23}},"loc":{"start":{"line":42,"column":23},"end":{"line":88,"column":null}},"line":42},"1":{"name":"(anonymous_1)","decl":{"start":{"line":60,"column":28},"end":{"line":60,"column":null}},"loc":{"start":{"line":60,"column":28},"end":{"line":71,"column":null}},"line":60},"2":{"name":"(anonymous_2)","decl":{"start":{"line":67,"column":15},"end":{"line":67,"column":24}},"loc":{"start":{"line":67,"column":24},"end":{"line":69,"column":null}},"line":67},"3":{"name":"(anonymous_3)","decl":{"start":{"line":74,"column":29},"end":{"line":74,"column":null}},"loc":{"start":{"line":74,"column":29},"end":{"line":77,"column":null}},"line":74},"4":{"name":"(anonymous_4)","decl":{"start":{"line":80,"column":26},"end":{"line":80,"column":null}},"loc":{"start":{"line":80,"column":26},"end":{"line":84,"column":null}},"line":80},"5":{"name":"(anonymous_5)","decl":{"start":{"line":97,"column":26},"end":{"line":97,"column":35}},"loc":{"start":{"line":97,"column":35},"end":{"line":97,"column":62}},"line":97},"6":{"name":"(anonymous_6)","decl":{"start":{"line":98,"column":25},"end":{"line":98,"column":null}},"loc":{"start":{"line":99,"column":16},"end":{"line":110,"column":null}},"line":99},"7":{"name":"(anonymous_7)","decl":{"start":{"line":103,"column":31},"end":{"line":103,"column":null}},"loc":{"start":{"line":103,"column":31},"end":{"line":107,"column":null}},"line":103},"8":{"name":"(anonymous_8)","decl":{"start":{"line":121,"column":26},"end":{"line":121,"column":null}},"loc":{"start":{"line":121,"column":26},"end":{"line":123,"column":null}},"line":121},"9":{"name":"(anonymous_9)","decl":{"start":{"line":129,"column":25},"end":{"line":129,"column":31}},"loc":{"start":{"line":129,"column":31},"end":{"line":129,"column":56}},"line":129},"10":{"name":"(anonymous_10)","decl":{"start":{"line":145,"column":25},"end":{"line":145,"column":34}},"loc":{"start":{"line":145,"column":34},"end":{"line":145,"column":61}},"line":145},"11":{"name":"(anonymous_11)","decl":{"start":{"line":146,"column":25},"end":{"line":146,"column":null}},"loc":{"start":{"line":147,"column":16},"end":{"line":152,"column":18}},"line":147},"12":{"name":"(anonymous_12)","decl":{"start":{"line":147,"column":36},"end":{"line":147,"column":41}},"loc":{"start":{"line":148,"column":18},"end":{"line":152,"column":18}},"line":148},"13":{"name":"(anonymous_13)","decl":{"start":{"line":166,"column":28},"end":{"line":166,"column":null}},"loc":{"start":{"line":166,"column":28},"end":{"line":171,"column":null}},"line":166},"14":{"name":"(anonymous_14)","decl":{"start":{"line":173,"column":24},"end":{"line":173,"column":null}},"loc":{"start":{"line":173,"column":24},"end":{"line":176,"column":null}},"line":173},"15":{"name":"(anonymous_15)","decl":{"start":{"line":186,"column":17},"end":{"line":186,"column":23}},"loc":{"start":{"line":186,"column":23},"end":{"line":186,"column":50}},"line":186},"16":{"name":"(anonymous_16)","decl":{"start":{"line":193,"column":23},"end":{"line":193,"column":null}},"loc":{"start":{"line":193,"column":23},"end":{"line":197,"column":null}},"line":193},"17":{"name":"(anonymous_17)","decl":{"start":{"line":205,"column":17},"end":{"line":205,"column":23}},"loc":{"start":{"line":205,"column":23},"end":{"line":205,"column":50}},"line":205},"18":{"name":"(anonymous_18)","decl":{"start":{"line":211,"column":26},"end":{"line":211,"column":null}},"loc":{"start":{"line":211,"column":26},"end":{"line":216,"column":null}},"line":211},"19":{"name":"(anonymous_19)","decl":{"start":{"line":212,"column":12},"end":{"line":212,"column":29}},"loc":{"start":{"line":212,"column":40},"end":{"line":215,"column":15}},"line":212},"20":{"name":"_temp","decl":{"start":{"line":42,"column":23},"end":{"line":42,"column":null}},"loc":{"start":{"line":42,"column":23},"end":{"line":96,"column":null}},"line":42}},"branchMap":{"0":{"loc":{"start":{"line":44,"column":55},"end":{"line":45,"column":56}},"type":"if","locations":[{"start":{"line":44,"column":55},"end":{"line":45,"column":56}},{"start":{"line":45,"column":55},"end":{"line":45,"column":56}}],"line":44},"1":{"loc":{"start":{"line":58,"column":4},"end":{"line":72,"column":4}},"type":"if","locations":[{"start":{"line":58,"column":4},"end":{"line":72,"column":4}},{"start":{"line":72,"column":3},"end":{"line":72,"column":4}}],"line":58},"2":{"loc":{"start":{"line":72,"column":4},"end":{"line":78,"column":4}},"type":"if","locations":[{"start":{"line":72,"column":4},"end":{"line":78,"column":4}},{"start":{"line":78,"column":3},"end":{"line":78,"column":4}}],"line":72},"3":{"loc":{"start":{"line":78,"column":4},"end":{"line":85,"column":4}},"type":"if","locations":[{"start":{"line":78,"column":4},"end":{"line":85,"column":4}},{"start":{"line":85,"column":3},"end":{"line":85,"column":4}}],"line":78},"4":{"loc":{"start":{"line":85,"column":4},"end":{"line":93,"column":null}},"type":"if","locations":[{"start":{"line":85,"column":4},"end":{"line":93,"column":null}},{"start":{"line":93,"column":35},"end":{"line":93,"column":null}}],"line":85},"5":{"loc":{"start":{"line":93,"column":35},"end":{"line":97,"column":null}},"type":"if","locations":[{"start":{"line":93,"column":35},"end":{"line":97,"column":null}},{"start":{"line":97,"column":62},"end":{"line":97,"column":null}}],"line":93},"6":{"loc":{"start":{"line":97,"column":62},"end":{"line":110,"column":null}},"type":"if","locations":[{"start":{"line":97,"column":62},"end":{"line":110,"column":null}},{"start":{"line":110,"column":15},"end":{"line":110,"column":null}}],"line":97},"7":{"loc":{"start":{"line":110,"column":15},"end":{"line":113,"column":null}},"type":"if","locations":[{"start":{"line":110,"column":15},"end":{"line":113,"column":null}},{"start":{"line":113,"column":29},"end":{"line":113,"column":null}}],"line":110},"8":{"loc":{"start":{"line":113,"column":29},"end":{"line":124,"column":null}},"type":"if","locations":[{"start":{"line":113,"column":29},"end":{"line":124,"column":null}},{"start":{"line":124,"column":17},"end":{"line":124,"column":null}}],"line":113},"9":{"loc":{"start":{"line":124,"column":17},"end":{"line":125,"column":77}},"type":"if","locations":[{"start":{"line":124,"column":17},"end":{"line":125,"column":77}},{"start":{"line":125,"column":72},"end":{"line":125,"column":77}}],"line":124},"10":{"loc":{"start":{"line":125,"column":77},"end":{"line":126,"column":null}},"type":"if","locations":[{"start":{"line":125,"column":77},"end":{"line":126,"column":null}},{"start":{"line":126,"column":16},"end":{"line":126,"column":null}}],"line":125},"11":{"loc":{"start":{"line":125,"column":77},"end":{"line":125,"column":null}},"type":"binary-expr","locations":[{"start":{"line":125,"column":77},"end":{"line":125,"column":null}},{"start":{"line":125,"column":77},"end":{"line":125,"column":null}}],"line":125},"12":{"loc":{"start":{"line":126,"column":16},"end":{"line":130,"column":null}},"type":"if","locations":[{"start":{"line":126,"column":16},"end":{"line":130,"column":null}},{"start":{"line":130,"column":16},"end":{"line":130,"column":null}}],"line":126},"13":{"loc":{"start":{"line":130,"column":16},"end":{"line":134,"column":null}},"type":"if","locations":[{"start":{"line":130,"column":16},"end":{"line":134,"column":null}},{"start":{"line":134,"column":16},"end":{"line":134,"column":null}}],"line":130},"14":{"loc":{"start":{"line":134,"column":16},"end":{"line":136,"column":null}},"type":"if","locations":[{"start":{"line":134,"column":16},"end":{"line":136,"column":null}},{"start":{"line":136,"column":29},"end":{"line":136,"column":null}}],"line":134},"15":{"loc":{"start":{"line":134,"column":16},"end":{"line":134,"column":null}},"type":"binary-expr","locations":[{"start":{"line":134,"column":16},"end":{"line":134,"column":null}},{"start":{"line":134,"column":16},"end":{"line":134,"column":null}}],"line":134},"16":{"loc":{"start":{"line":136,"column":29},"end":{"line":145,"column":null}},"type":"if","locations":[{"start":{"line":136,"column":29},"end":{"line":145,"column":null}},{"start":{"line":145,"column":61},"end":{"line":145,"column":null}}],"line":136},"17":{"loc":{"start":{"line":145,"column":61},"end":{"line":152,"column":null}},"type":"if","locations":[{"start":{"line":145,"column":61},"end":{"line":152,"column":null}},{"start":{"line":152,"column":18},"end":{"line":152,"column":null}}],"line":145},"18":{"loc":{"start":{"line":145,"column":61},"end":{"line":145,"column":null}},"type":"binary-expr","locations":[{"start":{"line":145,"column":61},"end":{"line":145,"column":null}},{"start":{"line":145,"column":61},"end":{"line":145,"column":null}}],"line":145},"19":{"loc":{"start":{"line":152,"column":18},"end":{"line":155,"column":null}},"type":"if","locations":[{"start":{"line":152,"column":18},"end":{"line":155,"column":null}},{"start":{"line":155,"column":29},"end":{"line":155,"column":null}}],"line":152},"20":{"loc":{"start":{"line":152,"column":18},"end":{"line":152,"column":null}},"type":"binary-expr","locations":[{"start":{"line":152,"column":18},"end":{"line":152,"column":null}},{"start":{"line":152,"column":18},"end":{"line":152,"column":null}},{"start":{"line":152,"column":18},"end":{"line":152,"column":null}},{"start":{"line":152,"column":18},"end":{"line":152,"column":null}},{"start":{"line":152,"column":18},"end":{"line":152,"column":null}},{"start":{"line":152,"column":18},"end":{"line":152,"column":null}}],"line":152},"21":{"loc":{"start":{"line":155,"column":29},"end":{"line":172,"column":null}},"type":"if","locations":[{"start":{"line":155,"column":29},"end":{"line":172,"column":null}},{"start":{"line":172,"column":17},"end":{"line":172,"column":null}}],"line":155},"22":{"loc":{"start":{"line":155,"column":29},"end":{"line":155,"column":null}},"type":"binary-expr","locations":[{"start":{"line":155,"column":29},"end":{"line":155,"column":null}},{"start":{"line":155,"column":29},"end":{"line":155,"column":null}}],"line":155},"23":{"loc":{"start":{"line":167,"column":18},"end":{"line":167,"column":null}},"type":"if","locations":[{"start":{"line":167,"column":18},"end":{"line":167,"column":null}},{"start":{},"end":{}}],"line":167},"24":{"loc":{"start":{"line":167,"column":22},"end":{"line":167,"column":47}},"type":"binary-expr","locations":[{"start":{"line":167,"column":22},"end":{"line":167,"column":35}},{"start":{"line":167,"column":35},"end":{"line":167,"column":47}}],"line":167},"25":{"loc":{"start":{"line":172,"column":17},"end":{"line":177,"column":null}},"type":"if","locations":[{"start":{"line":172,"column":17},"end":{"line":177,"column":null}},{"start":{"line":177,"column":17},"end":{"line":177,"column":null}}],"line":172},"26":{"loc":{"start":{"line":174,"column":18},"end":{"line":174,"column":null}},"type":"if","locations":[{"start":{"line":174,"column":18},"end":{"line":174,"column":null}},{"start":{},"end":{}}],"line":174},"27":{"loc":{"start":{"line":177,"column":17},"end":{"line":180,"column":null}},"type":"if","locations":[{"start":{"line":177,"column":17},"end":{"line":180,"column":null}},{"start":{"line":180,"column":29},"end":{"line":180,"column":null}}],"line":177},"28":{"loc":{"start":{"line":177,"column":17},"end":{"line":177,"column":null}},"type":"binary-expr","locations":[{"start":{"line":177,"column":17},"end":{"line":177,"column":null}},{"start":{"line":177,"column":17},"end":{"line":177,"column":null}},{"start":{"line":177,"column":17},"end":{"line":177,"column":null}},{"start":{"line":177,"column":17},"end":{"line":177,"column":null}},{"start":{"line":177,"column":17},"end":{"line":177,"column":null}},{"start":{"line":177,"column":17},"end":{"line":177,"column":null}}],"line":177},"29":{"loc":{"start":{"line":180,"column":29},"end":{"line":182,"column":null}},"type":"if","locations":[{"start":{"line":180,"column":29},"end":{"line":182,"column":null}},{"start":{"line":182,"column":8},"end":{"line":182,"column":null}}],"line":180},"30":{"loc":{"start":{"line":180,"column":29},"end":{"line":180,"column":null}},"type":"binary-expr","locations":[{"start":{"line":180,"column":29},"end":{"line":180,"column":null}},{"start":{"line":180,"column":29},"end":{"line":180,"column":null}},{"start":{"line":180,"column":29},"end":{"line":180,"column":null}},{"start":{"line":180,"column":29},"end":{"line":180,"column":null}}],"line":180},"31":{"loc":{"start":{"line":182,"column":8},"end":{"line":186,"column":null}},"type":"if","locations":[{"start":{"line":182,"column":8},"end":{"line":186,"column":null}},{"start":{"line":186,"column":50},"end":{"line":186,"column":null}}],"line":182},"32":{"loc":{"start":{"line":187,"column":25},"end":{"line":187,"column":36}},"type":"binary-expr","locations":[{"start":{"line":187,"column":25},"end":{"line":187,"column":51}},{"start":{"line":187,"column":25},"end":{"line":187,"column":36}}],"line":187},"33":{"loc":{"start":{"line":187,"column":51},"end":{"line":200,"column":null}},"type":"if","locations":[{"start":{"line":187,"column":51},"end":{"line":200,"column":null}},{"start":{"line":200,"column":9},"end":{"line":200,"column":null}}],"line":187},"34":{"loc":{"start":{"line":187,"column":51},"end":{"line":187,"column":null}},"type":"binary-expr","locations":[{"start":{"line":187,"column":51},"end":{"line":187,"column":null}},{"start":{"line":187,"column":51},"end":{"line":187,"column":null}}],"line":187},"35":{"loc":{"start":{"line":189,"column":9},"end":{"line":200,"column":null}},"type":"binary-expr","locations":[{"start":{"line":189,"column":9},"end":{"line":189,"column":null}},{"start":{"line":190,"column":10},"end":{"line":200,"column":null}}],"line":189},"36":{"loc":{"start":{"line":200,"column":9},"end":{"line":201,"column":null}},"type":"if","locations":[{"start":{"line":200,"column":9},"end":{"line":201,"column":null}},{"start":{"line":201,"column":18},"end":{"line":201,"column":null}}],"line":200},"37":{"loc":{"start":{"line":200,"column":9},"end":{"line":200,"column":null}},"type":"binary-expr","locations":[{"start":{"line":200,"column":9},"end":{"line":200,"column":null}},{"start":{"line":200,"column":9},"end":{"line":200,"column":null}},{"start":{"line":200,"column":9},"end":{"line":200,"column":null}}],"line":200},"38":{"loc":{"start":{"line":201,"column":18},"end":{"line":205,"column":null}},"type":"if","locations":[{"start":{"line":201,"column":18},"end":{"line":205,"column":null}},{"start":{"line":205,"column":50},"end":{"line":205,"column":null}}],"line":201},"39":{"loc":{"start":{"line":206,"column":46},"end":{"line":217,"column":null}},"type":"if","locations":[{"start":{"line":206,"column":46},"end":{"line":217,"column":null}},{"start":{"line":217,"column":11},"end":{"line":217,"column":null}}],"line":206},"40":{"loc":{"start":{"line":217,"column":11},"end":{"line":218,"column":null}},"type":"if","locations":[{"start":{"line":217,"column":11},"end":{"line":218,"column":null}},{"start":{"line":218,"column":10},"end":{"line":218,"column":null}}],"line":217},"41":{"loc":{"start":{"line":217,"column":11},"end":{"line":217,"column":null}},"type":"binary-expr","locations":[{"start":{"line":217,"column":11},"end":{"line":217,"column":null}},{"start":{"line":217,"column":11},"end":{"line":217,"column":null}}],"line":217},"42":{"loc":{"start":{"line":218,"column":10},"end":{"line":219,"column":null}},"type":"if","locations":[{"start":{"line":218,"column":10},"end":{"line":219,"column":null}},{"start":{"line":219,"column":18},"end":{"line":219,"column":null}}],"line":218},"43":{"loc":{"start":{"line":218,"column":10},"end":{"line":218,"column":null}},"type":"binary-expr","locations":[{"start":{"line":218,"column":10},"end":{"line":218,"column":null}},{"start":{"line":218,"column":10},"end":{"line":218,"column":null}},{"start":{"line":218,"column":10},"end":{"line":218,"column":null}}],"line":218},"44":{"loc":{"start":{"line":219,"column":18},"end":{"line":220,"column":null}},"type":"if","locations":[{"start":{"line":219,"column":18},"end":{"line":220,"column":null}},{"start":{"line":220,"column":7},"end":{"line":220,"column":null}}],"line":219},"45":{"loc":{"start":{"line":219,"column":18},"end":{"line":219,"column":null}},"type":"binary-expr","locations":[{"start":{"line":219,"column":18},"end":{"line":219,"column":null}},{"start":{"line":219,"column":18},"end":{"line":219,"column":null}},{"start":{"line":219,"column":18},"end":{"line":219,"column":null}}],"line":219}},"s":{"0":1,"1":22,"2":22,"3":22,"4":22,"5":11,"6":11,"7":22,"8":22,"9":22,"10":22,"11":22,"12":22,"13":22,"14":11,"15":1,"16":1,"17":1,"18":1,"19":1,"20":1,"21":1,"22":11,"23":22,"24":22,"25":12,"26":1,"27":1,"28":1,"29":10,"30":22,"31":22,"32":11,"33":2,"34":2,"35":2,"36":2,"37":11,"38":22,"39":22,"40":11,"41":11,"42":22,"43":12,"44":24,"45":10,"46":22,"47":11,"48":24,"49":2,"50":2,"51":11,"52":22,"53":12,"54":10,"55":22,"56":11,"57":1,"58":1,"59":11,"60":22,"61":12,"62":10,"63":22,"64":22,"65":13,"66":9,"67":22,"68":11,"69":2,"70":11,"71":22,"72":12,"73":10,"74":22,"75":13,"76":9,"77":22,"78":12,"79":12,"80":10,"81":22,"82":12,"83":12,"84":24,"85":10,"86":22,"87":12,"88":10,"89":22,"90":12,"91":0,"92":0,"93":0,"94":10,"95":22,"96":11,"97":1,"98":0,"99":1,"100":11,"101":22,"102":12,"103":10,"104":22,"105":14,"106":8,"107":22,"108":11,"109":0,"110":11,"111":22,"112":22,"113":13,"114":1,"115":1,"116":1,"117":1,"118":9,"119":22,"120":14,"121":8,"122":22,"123":11,"124":0,"125":11,"126":22,"127":22,"128":11,"129":2,"130":2,"131":2,"132":11,"133":22,"134":15,"135":7,"136":22,"137":17,"138":5,"139":22,"140":22,"141":0,"142":22,"143":24,"144":0,"145":1},"f":{"0":22,"1":1,"2":1,"3":1,"4":2,"5":24,"6":24,"7":2,"8":1,"9":2,"10":12,"11":12,"12":24,"13":0,"14":1,"15":0,"16":1,"17":0,"18":2,"19":2,"20":25},"b":{"0":[11,11],"1":[11,11],"2":[12,10],"3":[11,11],"4":[11,11],"5":[12,10],"6":[11,11],"7":[12,10],"8":[11,11],"9":[12,10],"10":[13,9],"11":[22,10],"12":[11,11],"13":[12,10],"14":[13,9],"15":[22,9],"16":[12,10],"17":[12,10],"18":[22,10],"19":[12,10],"20":[22,11,11,10,10,10],"21":[12,10],"22":[22,10],"23":[0,0],"24":[0,0],"25":[11,11],"26":[0,1],"27":[12,10],"28":[22,11,11,10,10,10],"29":[14,8],"30":[22,9,9,8],"31":[11,11],"32":[22,19],"33":[13,9],"34":[22,9],"35":[13,2],"36":[14,8],"37":[22,8,8],"38":[11,11],"39":[11,11],"40":[15,7],"41":[22,7],"42":[17,5],"43":[22,9,8],"44":[22,0],"45":[22,8,5]},"meta":{"lastBranch":46,"lastFunction":21,"lastStatement":146,"seen":{"s:42:6:88:Infinity":0,"f:42:6:42:23":0,"s:42:23:42:Infinity":1,"s:43:2:43:67":2,"s:44:2:44:54":3,"b:44:55:45:56:45:55:45:56":0,"s:44:55:45:56":4,"s:45:53:45:56":5,"s:45:55:45:56":6,"s:45:2:45:55":7,"s:46:2:46:52":8,"s:47:2:47:41":9,"s:48:2:48:67":10,"s:49:2:49:67":11,"s:54:2:57:Infinity":12,"b:58:4:72:4:72:3:72:4":1,"s:58:4:72:4":13,"s:60:28:71:Infinity":14,"f:60:28:60:Infinity":1,"s:61:4:61:Infinity":15,"s:62:4:62:Infinity":16,"s:63:4:63:Infinity":17,"s:65:25:65:27":18,"s:67:4:69:Infinity":19,"f:67:15:67:24":2,"s:68:6:68:Infinity":20,"s:71:4:71:Infinity":21,"s:72:3:72:4":22,"s:60:28:60:Infinity":23,"b:72:4:78:4:78:3:78:4":2,"s:72:4:78:4":24,"s:74:29:77:Infinity":25,"f:74:29:74:Infinity":3,"s:75:4:75:Infinity":26,"s:76:4:76:Infinity":27,"s:77:4:77:Infinity":28,"s:78:3:78:4":29,"s:74:29:74:Infinity":30,"b:78:4:85:4:85:3:85:4":3,"s:78:4:85:4":31,"s:80:26:84:Infinity":32,"f:80:26:80:Infinity":4,"s:81:4:81:Infinity":33,"s:82:4:82:Infinity":34,"s:83:4:83:Infinity":35,"s:84:4:84:Infinity":36,"s:85:3:85:4":37,"s:80:26:80:Infinity":38,"b:85:4:93:Infinity:93:35:93:Infinity":4,"s:85:4:93:Infinity":39,"s:93:23:93:Infinity":40,"s:93:35:93:Infinity":41,"b:93:35:97:Infinity:97:62:97:Infinity":5,"s:93:35:97:Infinity":42,"s:97:26:97:62":43,"f:97:26:97:35":5,"s:97:35:97:62":44,"s:97:62:97:Infinity":45,"b:97:62:110:Infinity:110:15:110:Infinity":6,"s:97:62:110:Infinity":46,"s:98:25:110:Infinity":47,"f:98:25:98:Infinity":6,"s:99:16:110:Infinity":48,"f:103:31:103:Infinity":7,"s:104:24:104:Infinity":49,"s:105:24:105:Infinity":50,"s:110:15:110:Infinity":51,"b:110:15:113:Infinity:113:29:113:Infinity":7,"s:110:15:113:Infinity":52,"s:91:10:113:Infinity":53,"s:113:29:113:Infinity":54,"b:113:29:124:Infinity:124:17:124:Infinity":8,"s:113:29:124:Infinity":55,"s:121:26:123:Infinity":56,"f:121:26:121:Infinity":8,"s:122:18:122:Infinity":57,"s:123:18:123:Infinity":58,"s:124:17:124:Infinity":59,"b:124:17:125:77:125:72:125:77":9,"s:124:17:125:77":60,"s:125:39:125:77":61,"s:125:72:125:77":62,"s:125:29:125:77":63,"b:125:77:126:Infinity:126:16:126:Infinity":10,"s:125:77:126:Infinity":64,"b:125:77:125:Infinity:125:77:125:Infinity":11,"s:118:14:126:Infinity":65,"s:126:16:126:Infinity":66,"b:126:16:130:Infinity:130:16:130:Infinity":12,"s:126:16:130:Infinity":67,"s:128:14:130:Infinity":68,"f:129:25:129:31":9,"s:129:31:129:56":69,"s:130:16:130:Infinity":70,"b:130:16:134:Infinity:134:16:134:Infinity":13,"s:130:16:134:Infinity":71,"s:132:14:134:Infinity":72,"s:134:16:134:Infinity":73,"b:134:16:136:Infinity:136:29:136:Infinity":14,"s:134:16:136:Infinity":74,"b:134:16:134:Infinity:134:16:134:Infinity":15,"s:116:10:136:Infinity":75,"s:136:29:136:Infinity":76,"b:136:29:145:Infinity:145:61:145:Infinity":16,"s:136:29:145:Infinity":77,"s:145:25:145:61":78,"f:145:25:145:34":10,"s:145:34:145:61":79,"s:145:61:145:Infinity":80,"b:145:61:152:Infinity:152:18:152:Infinity":17,"s:145:61:152:Infinity":81,"b:145:61:145:Infinity:145:61:145:Infinity":18,"s:146:25:152:Infinity":82,"f:146:25:146:Infinity":11,"s:147:16:152:18":83,"f:147:36:147:41":12,"s:148:18:152:18":84,"s:152:18:152:Infinity":85,"b:152:18:155:Infinity:155:29:155:Infinity":19,"s:152:18:155:Infinity":86,"b:152:18:152:Infinity:152:18:152:Infinity:152:18:152:Infinity:152:18:152:Infinity:152:18:152:Infinity:152:18:152:Infinity":20,"s:139:10:155:Infinity":87,"s:155:29:155:Infinity":88,"b:155:29:172:Infinity:172:17:172:Infinity":21,"s:155:29:172:Infinity":89,"b:155:29:155:Infinity:155:29:155:Infinity":22,"s:166:28:171:Infinity":90,"f:166:28:166:Infinity":13,"b:167:18:167:Infinity:undefined:undefined:undefined:undefined":23,"s:167:18:167:Infinity":91,"b:167:22:167:35:167:35:167:47":24,"s:167:47:167:Infinity":92,"s:169:18:171:Infinity":93,"s:172:17:172:Infinity":94,"b:172:17:177:Infinity:177:17:177:Infinity":25,"s:172:17:177:Infinity":95,"s:173:24:176:Infinity":96,"f:173:24:173:Infinity":14,"b:174:18:174:Infinity:undefined:undefined:undefined:undefined":26,"s:174:18:174:Infinity":97,"s:174:27:174:Infinity":98,"s:176:18:176:Infinity":99,"s:177:17:177:Infinity":100,"b:177:17:180:Infinity:180:29:180:Infinity":27,"s:177:17:180:Infinity":101,"b:177:17:177:Infinity:177:17:177:Infinity:177:17:177:Infinity:177:17:177:Infinity:177:17:177:Infinity:177:17:177:Infinity":28,"s:158:10:180:Infinity":102,"s:180:29:180:Infinity":103,"b:180:29:182:Infinity:182:8:182:Infinity":29,"s:180:29:182:Infinity":104,"b:180:29:180:Infinity:180:29:180:Infinity:180:29:180:Infinity:180:29:180:Infinity":30,"s:89:6:182:Infinity":105,"s:182:8:182:Infinity":106,"b:182:8:186:Infinity:186:50:186:Infinity":31,"s:182:8:186:Infinity":107,"s:186:17:186:Infinity":108,"f:186:17:186:23":15,"s:186:23:186:50":109,"s:186:50:186:Infinity":110,"s:187:15:187:36":111,"b:187:25:187:51:187:25:187:36":32,"b:187:51:200:Infinity:200:9:200:Infinity":33,"s:187:51:200:Infinity":112,"b:187:51:187:Infinity:187:51:187:Infinity":34,"s:189:9:200:Infinity":113,"b:189:9:189:Infinity:190:10:200:Infinity":35,"f:193:23:193:Infinity":16,"s:194:14:194:Infinity":114,"s:195:14:195:Infinity":115,"s:196:14:196:Infinity":116,"s:197:14:197:Infinity":117,"s:200:9:200:Infinity":118,"b:200:9:201:Infinity:201:18:201:Infinity":36,"s:200:9:201:Infinity":119,"b:200:9:200:Infinity:200:9:200:Infinity:200:9:200:Infinity":37,"s:184:6:201:Infinity":120,"s:201:18:201:Infinity":121,"b:201:18:205:Infinity:205:50:205:Infinity":38,"s:201:18:205:Infinity":122,"s:205:17:205:Infinity":123,"f:205:17:205:23":17,"s:205:23:205:50":124,"s:205:50:205:Infinity":125,"s:206:15:206:46":126,"b:206:46:217:Infinity:217:11:217:Infinity":39,"s:206:46:217:Infinity":127,"s:211:26:216:Infinity":128,"f:211:26:211:Infinity":18,"s:212:12:215:Infinity":129,"f:212:12:212:29":19,"s:212:40:215:15":130,"s:216:12:216:Infinity":131,"s:217:11:217:Infinity":132,"b:217:11:218:Infinity:218:10:218:Infinity":40,"s:217:11:218:Infinity":133,"b:217:11:217:Infinity:217:11:217:Infinity":41,"s:208:8:218:Infinity":134,"s:218:10:218:Infinity":135,"b:218:10:219:Infinity:219:18:219:Infinity":42,"s:218:10:219:Infinity":136,"b:218:10:218:Infinity:218:10:218:Infinity:218:10:218:Infinity":43,"s:203:6:219:Infinity":137,"s:219:18:219:Infinity":138,"b:219:18:220:Infinity:220:7:220:Infinity":44,"s:219:18:220:Infinity":139,"b:219:18:219:Infinity:219:18:219:Infinity:219:18:219:Infinity":45,"s:88:4:220:Infinity":140,"s:220:7:220:Infinity":141,"s:220:7:88:Infinity":142,"f:42:23:42:Infinity":20,"s:42:23:96:Infinity":143,"s:42:23:170:Infinity":144,"s:42:23:52:Infinity":145}}}
,"/app/frontend/src/utils/resetModelFilters.js": {"path":"/app/frontend/src/utils/resetModelFilters.js","statementMap":{"0":{"start":{"line":1,"column":13},"end":{"line":8,"column":null}},"1":{"start":{"line":2,"column":23},"end":{"line":2,"column":25}},"2":{"start":{"line":4,"column":2},"end":{"line":6,"column":null}},"3":{"start":{"line":5,"column":4},"end":{"line":5,"column":null}},"4":{"start":{"line":8,"column":2},"end":{"line":8,"column":null}}},"fnMap":{"0":{"name":"(anonymous_0)","decl":{"start":{"line":1,"column":13},"end":{"line":1,"column":34}},"loc":{"start":{"line":1,"column":51},"end":{"line":8,"column":null}},"line":1},"1":{"name":"(anonymous_1)","decl":{"start":{"line":4,"column":10},"end":{"line":4,"column":19}},"loc":{"start":{"line":4,"column":30},"end":{"line":6,"column":null}},"line":4}},"branchMap":{"0":{"loc":{"start":{"line":1,"column":34},"end":{"line":1,"column":46}},"type":"default-arg","locations":[{"start":{"line":1,"column":44},"end":{"line":1,"column":46}}],"line":1}},"s":{"0":1,"1":1,"2":1,"3":1,"4":1},"f":{"0":1,"1":1},"b":{"0":[1]},"meta":{"lastBranch":1,"lastFunction":2,"lastStatement":5,"seen":{"s:1:13:8:Infinity":0,"f:1:13:1:34":0,"b:1:44:1:46":0,"s:2:23:2:25":1,"s:4:2:6:Infinity":2,"f:4:10:4:19":1,"s:5:4:5:Infinity":3,"s:8:2:8:Infinity":4}}}
}
