{"/app/frontend/src/components/forms/auth/RegisterForm.jsx": {"path":"/app/frontend/src/components/forms/auth/RegisterForm.jsx","statementMap":{"0":{"start":{"line":15,"column":6},"end":{"line":43,"column":5}},"1":{"start":{"line":15,"column":21},"end":{"line":15,"column":null}},"2":{"start":{"line":16,"column":2},"end":{"line":16,"column":32}},"3":{"start":{"line":17,"column":2},"end":{"line":17,"column":32}},"4":{"start":{"line":19,"column":2},"end":{"line":19,"column":40}},"5":{"start":{"line":20,"column":2},"end":{"line":20,"column":48}},"6":{"start":{"line":21,"column":2},"end":{"line":21,"column":48}},"7":{"start":{"line":21,"column":49},"end":{"line":23,"column":42}},"8":{"start":{"line":23,"column":39},"end":{"line":23,"column":42}},"9":{"start":{"line":23,"column":41},"end":{"line":23,"column":42}},"10":{"start":{"line":23,"column":2},"end":{"line":23,"column":41}},"11":{"start":{"line":24,"column":2},"end":{"line":24,"column":47}},"12":{"start":{"line":24,"column":48},"end":{"line":40,"column":4}},"13":{"start":{"line":26,"column":23},"end":{"line":38,"column":null}},"14":{"start":{"line":27,"column":4},"end":{"line":27,"column":null}},"15":{"start":{"line":27,"column":15},"end":{"line":27,"column":null}},"16":{"start":{"line":29,"column":4},"end":{"line":29,"column":null}},"17":{"start":{"line":30,"column":4},"end":{"line":30,"column":null}},"18":{"start":{"line":32,"column":21},"end":{"line":32,"column":64}},"19":{"start":{"line":34,"column":4},"end":{"line":38,"column":null}},"20":{"start":{"line":35,"column":6},"end":{"line":35,"column":null}},"21":{"start":{"line":37,"column":6},"end":{"line":37,"column":null}},"22":{"start":{"line":38,"column":6},"end":{"line":38,"column":null}},"23":{"start":{"line":40,"column":3},"end":{"line":40,"column":4}},"24":{"start":{"line":26,"column":23},"end":{"line":26,"column":null}},"25":{"start":{"line":40,"column":4},"end":{"line":47,"column":null}},"26":{"start":{"line":47,"column":18},"end":{"line":47,"column":null}},"27":{"start":{"line":47,"column":25},"end":{"line":47,"column":49}},"28":{"start":{"line":47,"column":49},"end":{"line":47,"column":null}},"29":{"start":{"line":47,"column":49},"end":{"line":48,"column":null}},"30":{"start":{"line":44,"column":6},"end":{"line":48,"column":null}},"31":{"start":{"line":48,"column":8},"end":{"line":48,"column":null}},"32":{"start":{"line":48,"column":8},"end":{"line":50,"column":null}},"33":{"start":{"line":50,"column":6},"end":{"line":50,"column":null}},"34":{"start":{"line":50,"column":43},"end":{"line":50,"column":null}},"35":{"start":{"line":50,"column":43},"end":{"line":56,"column":null}},"36":{"start":{"line":56,"column":18},"end":{"line":56,"column":null}},"37":{"start":{"line":56,"column":25},"end":{"line":56,"column":53}},"38":{"start":{"line":56,"column":53},"end":{"line":56,"column":null}},"39":{"start":{"line":56,"column":53},"end":{"line":57,"column":null}},"40":{"start":{"line":52,"column":6},"end":{"line":57,"column":null}},"41":{"start":{"line":57,"column":8},"end":{"line":57,"column":null}},"42":{"start":{"line":57,"column":8},"end":{"line":59,"column":null}},"43":{"start":{"line":59,"column":6},"end":{"line":59,"column":null}},"44":{"start":{"line":59,"column":47},"end":{"line":59,"column":null}},"45":{"start":{"line":59,"column":47},"end":{"line":65,"column":null}},"46":{"start":{"line":65,"column":18},"end":{"line":65,"column":null}},"47":{"start":{"line":65,"column":25},"end":{"line":65,"column":53}},"48":{"start":{"line":65,"column":53},"end":{"line":65,"column":null}},"49":{"start":{"line":65,"column":53},"end":{"line":66,"column":null}},"50":{"start":{"line":61,"column":6},"end":{"line":66,"column":null}},"51":{"start":{"line":66,"column":8},"end":{"line":66,"column":null}},"52":{"start":{"line":66,"column":8},"end":{"line":68,"column":null}},"53":{"start":{"line":68,"column":6},"end":{"line":68,"column":null}},"54":{"start":{"line":68,"column":47},"end":{"line":68,"column":null}},"55":{"start":{"line":70,"column":18},"end":{"line":70,"column":59}},"56":{"start":{"line":70,"column":46},"end":{"line":70,"column":null}},"57":{"start":{"line":70,"column":6},"end":{"line":70,"column":null}},"58":{"start":{"line":70,"column":59},"end":{"line":70,"column":null}},"59":{"start":{"line":70,"column":59},"end":{"line":77,"column":null}},"60":{"start":{"line":77,"column":11},"end":{"line":77,"column":null}},"61":{"start":{"line":77,"column":39},"end":{"line":77,"column":null}},"62":{"start":{"line":78,"column":17},"end":{"line":78,"column":56}},"63":{"start":{"line":78,"column":56},"end":{"line":78,"column":null}},"64":{"start":{"line":78,"column":10},"end":{"line":78,"column":null}},"65":{"start":{"line":78,"column":64},"end":{"line":78,"column":null}},"66":{"start":{"line":78,"column":64},"end":{"line":79,"column":null}},"67":{"start":{"line":76,"column":8},"end":{"line":78,"column":17}},"68":{"start":{"line":79,"column":17},"end":{"line":79,"column":null}},"69":{"start":{"line":79,"column":17},"end":{"line":80,"column":null}},"70":{"start":{"line":72,"column":6},"end":{"line":80,"column":null}},"71":{"start":{"line":80,"column":25},"end":{"line":80,"column":null}},"72":{"start":{"line":80,"column":25},"end":{"line":92,"column":null}},"73":{"start":{"line":82,"column":6},"end":{"line":86,"column":null}},"74":{"start":{"line":88,"column":6},"end":{"line":92,"column":null}},"75":{"start":{"line":92,"column":8},"end":{"line":92,"column":null}},"76":{"start":{"line":92,"column":8},"end":{"line":93,"column":null}},"77":{"start":{"line":43,"column":4},"end":{"line":88,"column":7}},"78":{"start":{"line":93,"column":20},"end":{"line":93,"column":null}},"79":{"start":{"line":93,"column":20},"end":{"line":43,"column":5}}},"fnMap":{"0":{"name":"(anonymous_0)","decl":{"start":{"line":15,"column":6},"end":{"line":15,"column":21}},"loc":{"start":{"line":15,"column":21},"end":{"line":43,"column":5}},"line":15},"1":{"name":"(anonymous_1)","decl":{"start":{"line":26,"column":23},"end":{"line":26,"column":null}},"loc":{"start":{"line":26,"column":23},"end":{"line":38,"column":null}},"line":26},"2":{"name":"(anonymous_2)","decl":{"start":{"line":47,"column":18},"end":{"line":47,"column":25}},"loc":{"start":{"line":47,"column":25},"end":{"line":47,"column":49}},"line":47},"3":{"name":"(anonymous_3)","decl":{"start":{"line":56,"column":18},"end":{"line":56,"column":25}},"loc":{"start":{"line":56,"column":25},"end":{"line":56,"column":53}},"line":56},"4":{"name":"(anonymous_4)","decl":{"start":{"line":65,"column":18},"end":{"line":65,"column":25}},"loc":{"start":{"line":65,"column":25},"end":{"line":65,"column":53}},"line":65}},"branchMap":{"0":{"loc":{"start":{"line":21,"column":49},"end":{"line":23,"column":42}},"type":"if","locations":[{"start":{"line":21,"column":49},"end":{"line":23,"column":42}},{"start":{"line":23,"column":41},"end":{"line":23,"column":42}}],"line":21},"1":{"loc":{"start":{"line":24,"column":48},"end":{"line":40,"column":4}},"type":"if","locations":[{"start":{"line":24,"column":48},"end":{"line":40,"column":4}},{"start":{"line":40,"column":3},"end":{"line":40,"column":4}}],"line":24},"2":{"loc":{"start":{"line":24,"column":48},"end":{"line":24,"column":null}},"type":"binary-expr","locations":[{"start":{"line":24,"column":48},"end":{"line":24,"column":null}},{"start":{"line":24,"column":48},"end":{"line":24,"column":null}},{"start":{"line":24,"column":48},"end":{"line":24,"column":null}},{"start":{"line":24,"column":48},"end":{"line":24,"column":null}},{"start":{"line":24,"column":48},"end":{"line":24,"column":null}},{"start":{"line":24,"column":48},"end":{"line":24,"column":null}}],"line":24},"3":{"loc":{"start":{"line":27,"column":4},"end":{"line":27,"column":null}},"type":"if","locations":[{"start":{"line":27,"column":4},"end":{"line":27,"column":null}},{"start":{},"end":{}}],"line":27},"4":{"loc":{"start":{"line":34,"column":4},"end":{"line":38,"column":null}},"type":"if","locations":[{"start":{"line":34,"column":4},"end":{"line":38,"column":null}},{"start":{"line":35,"column":24},"end":{"line":38,"column":null}}],"line":34},"5":{"loc":{"start":{"line":40,"column":4},"end":{"line":47,"column":null}},"type":"if","locations":[{"start":{"line":40,"column":4},"end":{"line":47,"column":null}},{"start":{"line":47,"column":49},"end":{"line":47,"column":null}}],"line":40},"6":{"loc":{"start":{"line":47,"column":49},"end":{"line":48,"column":null}},"type":"if","locations":[{"start":{"line":47,"column":49},"end":{"line":48,"column":null}},{"start":{"line":48,"column":8},"end":{"line":48,"column":null}}],"line":47},"7":{"loc":{"start":{"line":48,"column":8},"end":{"line":50,"column":null}},"type":"if","locations":[{"start":{"line":48,"column":8},"end":{"line":50,"column":null}},{"start":{"line":50,"column":43},"end":{"line":50,"column":null}}],"line":48},"8":{"loc":{"start":{"line":50,"column":43},"end":{"line":56,"column":null}},"type":"if","locations":[{"start":{"line":50,"column":43},"end":{"line":56,"column":null}},{"start":{"line":56,"column":53},"end":{"line":56,"column":null}}],"line":50},"9":{"loc":{"start":{"line":56,"column":53},"end":{"line":57,"column":null}},"type":"if","locations":[{"start":{"line":56,"column":53},"end":{"line":57,"column":null}},{"start":{"line":57,"column":8},"end":{"line":57,"column":null}}],"line":56},"10":{"loc":{"start":{"line":57,"column":8},"end":{"line":59,"column":null}},"type":"if","locations":[{"start":{"line":57,"column":8},"end":{"line":59,"column":null}},{"start":{"line":59,"column":47},"end":{"line":59,"column":null}}],"line":57},"11":{"loc":{"start":{"line":59,"column":47},"end":{"line":65,"column":null}},"type":"if","locations":[{"start":{"line":59,"column":47},"end":{"line":65,"column":null}},{"start":{"line":65,"column":53},"end":{"line":65,"column":null}}],"line":59},"12":{"loc":{"start":{"line":65,"column":53},"end":{"line":66,"column":null}},"type":"if","locations":[{"start":{"line":65,"column":53},"end":{"line":66,"column":null}},{"start":{"line":66,"column":8},"end":{"line":66,"column":null}}],"line":65},"13":{"loc":{"start":{"line":66,"column":8},"end":{"line":68,"column":null}},"type":"if","locations":[{"start":{"line":66,"column":8},"end":{"line":68,"column":null}},{"start":{"line":68,"column":47},"end":{"line":68,"column":null}}],"line":66},"14":{"loc":{"start":{"line":70,"column":46},"end":{"line":70,"column":null}},"type":"if","locations":[{"start":{"line":70,"column":46},"end":{"line":70,"column":null}},{"start":{"line":70,"column":59},"end":{"line":70,"column":null}}],"line":70},"15":{"loc":{"start":{"line":70,"column":59},"end":{"line":77,"column":null}},"type":"if","locations":[{"start":{"line":70,"column":59},"end":{"line":77,"column":null}},{"start":{"line":77,"column":39},"end":{"line":77,"column":null}}],"line":70},"16":{"loc":{"start":{"line":77,"column":11},"end":{"line":77,"column":null}},"type":"binary-expr","locations":[{"start":{"line":77,"column":11},"end":{"line":77,"column":22}},{"start":{"line":77,"column":22},"end":{"line":77,"column":null}}],"line":77},"17":{"loc":{"start":{"line":78,"column":17},"end":{"line":78,"column":56}},"type":"cond-expr","locations":[{"start":{"line":78,"column":17},"end":{"line":78,"column":56}},{"start":{"line":78,"column":17},"end":{"line":78,"column":56}}],"line":78},"18":{"loc":{"start":{"line":78,"column":56},"end":{"line":78,"column":null}},"type":"if","locations":[{"start":{"line":78,"column":56},"end":{"line":78,"column":null}},{"start":{"line":78,"column":64},"end":{"line":78,"column":null}}],"line":78},"19":{"loc":{"start":{"line":78,"column":64},"end":{"line":79,"column":null}},"type":"if","locations":[{"start":{"line":78,"column":64},"end":{"line":79,"column":null}},{"start":{"line":79,"column":17},"end":{"line":79,"column":null}}],"line":78},"20":{"loc":{"start":{"line":78,"column":64},"end":{"line":78,"column":null}},"type":"binary-expr","locations":[{"start":{"line":78,"column":64},"end":{"line":78,"column":null}},{"start":{"line":78,"column":64},"end":{"line":78,"column":null}}],"line":78},"21":{"loc":{"start":{"line":79,"column":17},"end":{"line":80,"column":null}},"type":"if","locations":[{"start":{"line":79,"column":17},"end":{"line":80,"column":null}},{"start":{"line":80,"column":25},"end":{"line":80,"column":null}}],"line":79},"22":{"loc":{"start":{"line":79,"column":17},"end":{"line":79,"column":null}},"type":"binary-expr","locations":[{"start":{"line":79,"column":17},"end":{"line":79,"column":null}},{"start":{"line":79,"column":17},"end":{"line":79,"column":null}},{"start":{"line":79,"column":17},"end":{"line":79,"column":null}}],"line":79},"23":{"loc":{"start":{"line":80,"column":25},"end":{"line":92,"column":null}},"type":"if","locations":[{"start":{"line":80,"column":25},"end":{"line":92,"column":null}},{"start":{"line":92,"column":8},"end":{"line":92,"column":null}}],"line":80},"24":{"loc":{"start":{"line":92,"column":8},"end":{"line":93,"column":null}},"type":"if","locations":[{"start":{"line":92,"column":8},"end":{"line":93,"column":null}},{"start":{"line":93,"column":20},"end":{"line":93,"column":null}}],"line":92},"25":{"loc":{"start":{"line":92,"column":8},"end":{"line":92,"column":null}},"type":"binary-expr","locations":[{"start":{"line":92,"column":8},"end":{"line":92,"column":null}},{"start":{"line":92,"column":8},"end":{"line":92,"column":null}},{"start":{"line":92,"column":8},"end":{"line":92,"column":null}},{"start":{"line":92,"column":8},"end":{"line":92,"column":null}},{"start":{"line":92,"column":8},"end":{"line":92,"column":null}},{"start":{"line":92,"column":8},"end":{"line":92,"column":null}},{"start":{"line":92,"column":8},"end":{"line":92,"column":null}},{"start":{"line":92,"column":8},"end":{"line":92,"column":null}}],"line":92}},"s":{"0":1,"1":13,"2":13,"3":13,"4":13,"5":13,"6":13,"7":13,"8":4,"9":9,"10":13,"11":13,"12":13,"13":13,"14":2,"15":0,"16":2,"17":2,"18":2,"19":2,"20":1,"21":1,"22":1,"23":0,"24":13,"25":13,"26":4,"27":2,"28":9,"29":13,"30":6,"31":7,"32":13,"33":5,"34":8,"35":13,"36":4,"37":2,"38":9,"39":13,"40":6,"41":7,"42":13,"43":5,"44":8,"45":13,"46":4,"47":2,"48":9,"49":13,"50":6,"51":7,"52":13,"53":5,"54":8,"55":13,"56":13,"57":5,"58":8,"59":13,"60":7,"61":6,"62":13,"63":13,"64":7,"65":6,"66":13,"67":7,"68":6,"69":13,"70":13,"71":0,"72":13,"73":4,"74":4,"75":9,"76":13,"77":13,"78":0,"79":13},"f":{"0":13,"1":2,"2":2,"3":2,"4":2},"b":{"0":[4,9],"1":[13,0],"2":[13,7,4,4,2,0],"3":[0,2],"4":[1,1],"5":[4,9],"6":[6,7],"7":[5,8],"8":[4,9],"9":[6,7],"10":[5,8],"11":[4,9],"12":[6,7],"13":[5,8],"14":[5,8],"15":[7,6],"16":[7,2],"17":[2,11],"18":[7,6],"19":[7,6],"20":[13,6],"21":[13,0],"22":[13,0,0],"23":[4,9],"24":[13,0],"25":[13,8,8,0,0,0,0,0]},"meta":{"lastBranch":26,"lastFunction":5,"lastStatement":80,"seen":{"s:15:6:43:5":0,"f:15:6:15:21":0,"s:15:21:15:Infinity":1,"s:16:2:16:32":2,"s:17:2:17:32":3,"s:19:2:19:40":4,"s:20:2:20:48":5,"s:21:2:21:48":6,"b:21:49:23:42:23:41:23:42":0,"s:21:49:23:42":7,"s:23:39:23:42":8,"s:23:41:23:42":9,"s:23:2:23:41":10,"s:24:2:24:47":11,"b:24:48:40:4:40:3:40:4":1,"s:24:48:40:4":12,"b:24:48:24:Infinity:24:48:24:Infinity:24:48:24:Infinity:24:48:24:Infinity:24:48:24:Infinity:24:48:24:Infinity":2,"s:26:23:38:Infinity":13,"f:26:23:26:Infinity":1,"b:27:4:27:Infinity:undefined:undefined:undefined:undefined":3,"s:27:4:27:Infinity":14,"s:27:15:27:Infinity":15,"s:29:4:29:Infinity":16,"s:30:4:30:Infinity":17,"s:32:21:32:64":18,"b:34:4:38:Infinity:35:24:38:Infinity":4,"s:34:4:38:Infinity":19,"s:35:6:35:Infinity":20,"s:37:6:37:Infinity":21,"s:38:6:38:Infinity":22,"s:40:3:40:4":23,"s:26:23:26:Infinity":24,"b:40:4:47:Infinity:47:49:47:Infinity":5,"s:40:4:47:Infinity":25,"s:47:18:47:Infinity":26,"f:47:18:47:25":2,"s:47:25:47:49":27,"s:47:49:47:Infinity":28,"b:47:49:48:Infinity:48:8:48:Infinity":6,"s:47:49:48:Infinity":29,"s:44:6:48:Infinity":30,"s:48:8:48:Infinity":31,"b:48:8:50:Infinity:50:43:50:Infinity":7,"s:48:8:50:Infinity":32,"s:50:6:50:Infinity":33,"s:50:43:50:Infinity":34,"b:50:43:56:Infinity:56:53:56:Infinity":8,"s:50:43:56:Infinity":35,"s:56:18:56:Infinity":36,"f:56:18:56:25":3,"s:56:25:56:53":37,"s:56:53:56:Infinity":38,"b:56:53:57:Infinity:57:8:57:Infinity":9,"s:56:53:57:Infinity":39,"s:52:6:57:Infinity":40,"s:57:8:57:Infinity":41,"b:57:8:59:Infinity:59:47:59:Infinity":10,"s:57:8:59:Infinity":42,"s:59:6:59:Infinity":43,"s:59:47:59:Infinity":44,"b:59:47:65:Infinity:65:53:65:Infinity":11,"s:59:47:65:Infinity":45,"s:65:18:65:Infinity":46,"f:65:18:65:25":4,"s:65:25:65:53":47,"s:65:53:65:Infinity":48,"b:65:53:66:Infinity:66:8:66:Infinity":12,"s:65:53:66:Infinity":49,"s:61:6:66:Infinity":50,"s:66:8:66:Infinity":51,"b:66:8:68:Infinity:68:47:68:Infinity":13,"s:66:8:68:Infinity":52,"s:68:6:68:Infinity":53,"s:68:47:68:Infinity":54,"s:70:18:70:59":55,"b:70:46:70:Infinity:70:59:70:Infinity":14,"s:70:46:70:Infinity":56,"s:70:6:70:Infinity":57,"s:70:59:70:Infinity":58,"b:70:59:77:Infinity:77:39:77:Infinity":15,"s:70:59:77:Infinity":59,"s:77:11:77:Infinity":60,"b:77:11:77:22:77:22:77:Infinity":16,"s:77:39:77:Infinity":61,"s:78:17:78:56":62,"b:78:17:78:56:78:17:78:56":17,"b:78:56:78:Infinity:78:64:78:Infinity":18,"s:78:56:78:Infinity":63,"s:78:10:78:Infinity":64,"s:78:64:78:Infinity":65,"b:78:64:79:Infinity:79:17:79:Infinity":19,"s:78:64:79:Infinity":66,"b:78:64:78:Infinity:78:64:78:Infinity":20,"s:76:8:78:17":67,"s:79:17:79:Infinity":68,"b:79:17:80:Infinity:80:25:80:Infinity":21,"s:79:17:80:Infinity":69,"b:79:17:79:Infinity:79:17:79:Infinity:79:17:79:Infinity":22,"s:72:6:80:Infinity":70,"s:80:25:80:Infinity":71,"b:80:25:92:Infinity:92:8:92:Infinity":23,"s:80:25:92:Infinity":72,"s:82:6:86:Infinity":73,"s:88:6:92:Infinity":74,"s:92:8:92:Infinity":75,"b:92:8:93:Infinity:93:20:93:Infinity":24,"s:92:8:93:Infinity":76,"b:92:8:92:Infinity:92:8:92:Infinity:92:8:92:Infinity:92:8:92:Infinity:92:8:92:Infinity:92:8:92:Infinity:92:8:92:Infinity:92:8:92:Infinity":25,"s:43:4:88:7":77,"s:93:20:93:Infinity":78,"s:93:20:43:5":79}}}
}
